[2025-03-18T16:36:31.029+0000] {local_task_job_runner.py:120} INFO - ::group::Pre task execution logs
[2025-03-18T16:36:31.051+0000] {taskinstance.py:2076} INFO - Dependencies all met for dep_context=non-requeueable deps ti=<TaskInstance: amazon_etl_dag.feature_engineering scheduled__2025-03-18T15:00:00+00:00 [queued]>
[2025-03-18T16:36:31.059+0000] {taskinstance.py:2076} INFO - Dependencies all met for dep_context=requeueable deps ti=<TaskInstance: amazon_etl_dag.feature_engineering scheduled__2025-03-18T15:00:00+00:00 [queued]>
[2025-03-18T16:36:31.060+0000] {taskinstance.py:2306} INFO - Starting attempt 1 of 2
[2025-03-18T16:36:31.072+0000] {taskinstance.py:2330} INFO - Executing <Task(PythonOperator): feature_engineering> on 2025-03-18 15:00:00+00:00
[2025-03-18T16:36:31.084+0000] {standard_task_runner.py:90} INFO - Running: ['***', 'tasks', 'run', 'amazon_etl_dag', 'feature_engineering', 'scheduled__2025-03-18T15:00:00+00:00', '--job-id', '277', '--raw', '--subdir', 'DAGS_FOLDER/test_dag.py', '--cfg-path', '/tmp/tmpe3nxnc_d']
[2025-03-18T16:36:31.086+0000] {standard_task_runner.py:91} INFO - Job 277: Subtask feature_engineering
[2025-03-18T16:36:31.087+0000] {logging_mixin.py:188} WARNING - /home/***/.local/lib/python3.12/site-packages/***/task/task_runner/standard_task_runner.py:61 DeprecationWarning: This process (pid=42078) is multi-threaded, use of fork() may lead to deadlocks in the child.
[2025-03-18T16:36:31.088+0000] {standard_task_runner.py:63} INFO - Started process 42092 to run task
[2025-03-18T16:36:31.125+0000] {task_command.py:426} INFO - Running <TaskInstance: amazon_etl_dag.feature_engineering scheduled__2025-03-18T15:00:00+00:00 [running]> on host e8963d5c211f
[2025-03-18T16:36:31.213+0000] {taskinstance.py:2648} INFO - Exporting env vars: AIRFLOW_CTX_DAG_OWNER='***' AIRFLOW_CTX_DAG_ID='amazon_etl_dag' AIRFLOW_CTX_TASK_ID='feature_engineering' AIRFLOW_CTX_EXECUTION_DATE='2025-03-18T15:00:00+00:00' AIRFLOW_CTX_TRY_NUMBER='1' AIRFLOW_CTX_DAG_RUN_ID='scheduled__2025-03-18T15:00:00+00:00'
[2025-03-18T16:36:31.215+0000] {taskinstance.py:430} INFO - ::endgroup::
[2025-03-18T16:36:31.620+0000] {logging_mixin.py:188} INFO - Cluster summary:
[2025-03-18T16:36:31.626+0000] {logging_mixin.py:188} INFO -            bought_info   rating_count        top
cluster                                        
0        83508.333333   32094.000000  17.888889
1        23141.951220   18977.243902  77.560976
2        41034.500000   33369.600000  40.950000
3        27000.000000  101072.200000  54.800000
4        78600.000000  112801.545455  16.454545
[2025-03-18T16:36:31.654+0000] {python.py:237} INFO - Done. Returned value was: None
[2025-03-18T16:36:31.655+0000] {taskinstance.py:441} INFO - ::group::Post task execution logs
[2025-03-18T16:36:31.663+0000] {taskinstance.py:1206} INFO - Marking task as SUCCESS. dag_id=amazon_etl_dag, task_id=feature_engineering, run_id=scheduled__2025-03-18T15:00:00+00:00, execution_date=20250318T150000, start_date=20250318T163631, end_date=20250318T163631
[2025-03-18T16:36:31.703+0000] {local_task_job_runner.py:240} INFO - Task exited with return code 0
[2025-03-18T16:36:31.718+0000] {taskinstance.py:3503} INFO - 1 downstream tasks scheduled from follow-on schedule check
[2025-03-18T16:36:31.720+0000] {local_task_job_runner.py:222} INFO - ::endgroup::
