[2025-03-18T08:42:15.580+0000] {local_task_job_runner.py:120} INFO - ::group::Pre task execution logs
[2025-03-18T08:42:15.606+0000] {taskinstance.py:2076} INFO - Dependencies all met for dep_context=non-requeueable deps ti=<TaskInstance: amazon_etl_dag.feature_engineering scheduled__2025-03-18T07:00:00+00:00 [queued]>
[2025-03-18T08:42:15.619+0000] {taskinstance.py:2076} INFO - Dependencies all met for dep_context=requeueable deps ti=<TaskInstance: amazon_etl_dag.feature_engineering scheduled__2025-03-18T07:00:00+00:00 [queued]>
[2025-03-18T08:42:15.621+0000] {taskinstance.py:2306} INFO - Starting attempt 1 of 2
[2025-03-18T08:42:15.635+0000] {taskinstance.py:2330} INFO - Executing <Task(PythonOperator): feature_engineering> on 2025-03-18 07:00:00+00:00
[2025-03-18T08:42:15.649+0000] {standard_task_runner.py:90} INFO - Running: ['***', 'tasks', 'run', 'amazon_etl_dag', 'feature_engineering', 'scheduled__2025-03-18T07:00:00+00:00', '--job-id', '259', '--raw', '--subdir', 'DAGS_FOLDER/test_dag.py', '--cfg-path', '/tmp/tmppdwblic8']
[2025-03-18T08:42:15.651+0000] {standard_task_runner.py:91} INFO - Job 259: Subtask feature_engineering
[2025-03-18T08:42:15.652+0000] {logging_mixin.py:188} WARNING - /home/***/.local/lib/python3.12/site-packages/***/task/task_runner/standard_task_runner.py:61 DeprecationWarning: This process (pid=48338) is multi-threaded, use of fork() may lead to deadlocks in the child.
[2025-03-18T08:42:15.653+0000] {standard_task_runner.py:63} INFO - Started process 48386 to run task
[2025-03-18T08:42:15.697+0000] {task_command.py:426} INFO - Running <TaskInstance: amazon_etl_dag.feature_engineering scheduled__2025-03-18T07:00:00+00:00 [running]> on host 23e83e453497
[2025-03-18T08:42:15.772+0000] {taskinstance.py:2648} INFO - Exporting env vars: AIRFLOW_CTX_DAG_OWNER='***' AIRFLOW_CTX_DAG_ID='amazon_etl_dag' AIRFLOW_CTX_TASK_ID='feature_engineering' AIRFLOW_CTX_EXECUTION_DATE='2025-03-18T07:00:00+00:00' AIRFLOW_CTX_TRY_NUMBER='1' AIRFLOW_CTX_DAG_RUN_ID='scheduled__2025-03-18T07:00:00+00:00'
[2025-03-18T08:42:15.775+0000] {taskinstance.py:430} INFO - ::endgroup::
[2025-03-18T08:42:16.181+0000] {logging_mixin.py:188} INFO - Cluster summary:
[2025-03-18T08:42:16.189+0000] {logging_mixin.py:188} INFO -            bought_info   rating_count        top
cluster                                        
0        40321.133333   28272.733333  38.400000
1        82613.625000  121659.625000  11.375000
2        62259.100000   34717.900000  24.000000
3        94212.222222   31602.111111   7.666667
4        41170.750000  101840.375000  37.375000
[2025-03-18T08:42:16.236+0000] {python.py:237} INFO - Done. Returned value was: None
[2025-03-18T08:42:16.238+0000] {taskinstance.py:441} INFO - ::group::Post task execution logs
[2025-03-18T08:42:16.256+0000] {taskinstance.py:1206} INFO - Marking task as SUCCESS. dag_id=amazon_etl_dag, task_id=feature_engineering, run_id=scheduled__2025-03-18T07:00:00+00:00, execution_date=20250318T070000, start_date=20250318T084215, end_date=20250318T084216
[2025-03-18T08:42:16.309+0000] {local_task_job_runner.py:240} INFO - Task exited with return code 0
[2025-03-18T08:42:16.327+0000] {taskinstance.py:3503} INFO - 1 downstream tasks scheduled from follow-on schedule check
[2025-03-18T08:42:16.330+0000] {local_task_job_runner.py:222} INFO - ::endgroup::
