[2025-03-18T08:32:21.244+0000] {local_task_job_runner.py:120} INFO - ::group::Pre task execution logs
[2025-03-18T08:32:21.273+0000] {taskinstance.py:2076} INFO - Dependencies all met for dep_context=non-requeueable deps ti=<TaskInstance: amazon_etl_dag.scrape_amazon_data scheduled__2025-03-18T07:00:00+00:00 [queued]>
[2025-03-18T08:32:21.279+0000] {taskinstance.py:2076} INFO - Dependencies all met for dep_context=requeueable deps ti=<TaskInstance: amazon_etl_dag.scrape_amazon_data scheduled__2025-03-18T07:00:00+00:00 [queued]>
[2025-03-18T08:32:21.281+0000] {taskinstance.py:2306} INFO - Starting attempt 1 of 2
[2025-03-18T08:32:21.292+0000] {taskinstance.py:2330} INFO - Executing <Task(PythonOperator): scrape_amazon_data> on 2025-03-18 07:00:00+00:00
[2025-03-18T08:32:21.306+0000] {standard_task_runner.py:90} INFO - Running: ['***', 'tasks', 'run', 'amazon_etl_dag', 'scrape_amazon_data', 'scheduled__2025-03-18T07:00:00+00:00', '--job-id', '256', '--raw', '--subdir', 'DAGS_FOLDER/test_dag.py', '--cfg-path', '/tmp/tmpgasa69yz']
[2025-03-18T08:32:21.308+0000] {standard_task_runner.py:91} INFO - Job 256: Subtask scrape_amazon_data
[2025-03-18T08:32:21.309+0000] {logging_mixin.py:188} WARNING - /home/***/.local/lib/python3.12/site-packages/***/task/task_runner/standard_task_runner.py:61 DeprecationWarning: This process (pid=42834) is multi-threaded, use of fork() may lead to deadlocks in the child.
[2025-03-18T08:32:21.310+0000] {standard_task_runner.py:63} INFO - Started process 42859 to run task
[2025-03-18T08:32:21.353+0000] {task_command.py:426} INFO - Running <TaskInstance: amazon_etl_dag.scrape_amazon_data scheduled__2025-03-18T07:00:00+00:00 [running]> on host 23e83e453497
[2025-03-18T08:32:21.420+0000] {taskinstance.py:2648} INFO - Exporting env vars: AIRFLOW_CTX_DAG_OWNER='***' AIRFLOW_CTX_DAG_ID='amazon_etl_dag' AIRFLOW_CTX_TASK_ID='scrape_amazon_data' AIRFLOW_CTX_EXECUTION_DATE='2025-03-18T07:00:00+00:00' AIRFLOW_CTX_TRY_NUMBER='1' AIRFLOW_CTX_DAG_RUN_ID='scheduled__2025-03-18T07:00:00+00:00'
[2025-03-18T08:32:21.422+0000] {taskinstance.py:430} INFO - ::endgroup::
[2025-03-18T08:32:21.424+0000] {scrape.py:182} INFO - Scraping page 1
[2025-03-18T08:32:22.238+0000] {scrape.py:60} INFO - Initialized new WebDriver
[2025-03-18T08:32:35.464+0000] {scrape.py:88} INFO - Total products found after scrolling: 0
[2025-03-18T08:32:35.638+0000] {scrape.py:100} INFO - Loaded page with Selenium: https://www.amazon.com/Best-Sellers-Beauty-Personal-Care-Skin-Care-Products/zgbs/beauty/11060451/ref=zg_bs_nav_beauty_1?pg=1
[2025-03-18T08:32:35.651+0000] {scrape.py:140} INFO - Scraped 50 products from page 1
[2025-03-18T08:32:38.745+0000] {scrape.py:110} INFO - Loaded page with requests: https://www.amazon.com/Mighty-Patch-Hydrocolloid-Absorbing-count/dp/B074PVTPBW/ref=zg_bs_g_11060451_d_sccl_1/143-8141929-0134545?psc=1
[2025-03-18T08:32:38.751+0000] {scrape.py:193} INFO - Breadcrumbs not found with requests, switching to Selenium for https://www.amazon.com/Mighty-Patch-Hydrocolloid-Absorbing-count/dp/B074PVTPBW/ref=zg_bs_g_11060451_d_sccl_1/143-8141929-0134545?psc=1
[2025-03-18T08:32:48.266+0000] {scrape.py:100} INFO - Loaded page with Selenium: https://www.amazon.com/Mighty-Patch-Hydrocolloid-Absorbing-count/dp/B074PVTPBW/ref=zg_bs_g_11060451_d_sccl_1/143-8141929-0134545?psc=1
[2025-03-18T08:32:48.278+0000] {scrape.py:198} INFO - Scraped details for product B074PVTPBW
[2025-03-18T08:33:00.025+0000] {scrape.py:110} INFO - Loaded page with requests: https://www.amazon.com/Clean-Skin-Club-Disposable-Sensitive/dp/B07PBXXNCY/ref=zg_bs_g_11060451_d_sccl_2/143-8141929-0134545?psc=1
[2025-03-18T08:33:00.039+0000] {scrape.py:198} INFO - Scraped details for product B07PBXXNCY
[2025-03-18T08:33:10.595+0000] {scrape.py:110} INFO - Loaded page with requests: https://www.amazon.com/eos-Cashmere-Moisture-Lightweight-Non-Greasy/dp/B08KT2Z93D/ref=zg_bs_g_11060451_d_sccl_3/143-8141929-0134545?psc=1
[2025-03-18T08:33:10.614+0000] {scrape.py:198} INFO - Scraped details for product B08KT2Z93D
[2025-03-18T08:33:21.118+0000] {scrape.py:110} INFO - Loaded page with requests: https://www.amazon.com/Neutrogena-Cleansing-Towelettes-Waterproof-Alcohol-Free/dp/B00U2VQZDS/ref=zg_bs_g_11060451_d_sccl_4/143-8141929-0134545?psc=1
[2025-03-18T08:33:21.131+0000] {scrape.py:198} INFO - Scraped details for product B00U2VQZDS
[2025-03-18T08:33:32.738+0000] {scrape.py:110} INFO - Loaded page with requests: https://www.amazon.com/Medicube-Zero-Pore-Pads-Dual-Textured/dp/B09V7Z4TJG/ref=zg_bs_g_11060451_d_sccl_5/143-8141929-0134545?psc=1
[2025-03-18T08:33:32.753+0000] {scrape.py:198} INFO - Scraped details for product B09V7Z4TJG
[2025-03-18T08:33:42.287+0000] {scrape.py:110} INFO - Loaded page with requests: https://www.amazon.com/Biodance-Bio-Collagen-Tightening-Hydrating-Molecular/dp/B0B2RM68G2/ref=zg_bs_g_11060451_d_sccl_6/143-8141929-0134545?psc=1
[2025-03-18T08:33:42.301+0000] {scrape.py:198} INFO - Scraped details for product B0B2RM68G2
[2025-03-18T08:33:53.755+0000] {scrape.py:110} INFO - Loaded page with requests: https://www.amazon.com/PanOxyl-Foaming-Peroxide-Strength-Antimicrobial/dp/B081KL2QYJ/ref=zg_bs_g_11060451_d_sccl_7/143-8141929-0134545?psc=1
[2025-03-18T08:33:53.765+0000] {scrape.py:198} INFO - Scraped details for product B081KL2QYJ
[2025-03-18T08:34:03.319+0000] {scrape.py:110} INFO - Loaded page with requests: https://www.amazon.com/Roche-Posay-Toleriane-Double-Repair-Moisturizer/dp/B01N9SPQHQ/ref=zg_bs_g_11060451_d_sccl_8/143-8141929-0134545?psc=1
[2025-03-18T08:34:03.332+0000] {scrape.py:198} INFO - Scraped details for product B01N9SPQHQ
[2025-03-18T08:34:15.252+0000] {scrape.py:110} INFO - Loaded page with requests: https://www.amazon.com/Dove-Body-Wash-Pump-Moisture/dp/B00MEDOY2G/ref=zg_bs_g_11060451_d_sccl_9/143-8141929-0134545?psc=1
[2025-03-18T08:34:15.267+0000] {scrape.py:198} INFO - Scraped details for product B00MEDOY2G
[2025-03-18T08:34:26.287+0000] {scrape.py:110} INFO - Loaded page with requests: https://www.amazon.com/Ordinary-Exfoliating-Brightening-Smoothing-Even-Looking/dp/B071914GGL/ref=zg_bs_g_11060451_d_sccl_10/143-8141929-0134545?psc=1
[2025-03-18T08:34:26.300+0000] {scrape.py:198} INFO - Scraped details for product B071914GGL
[2025-03-18T08:34:37.183+0000] {scrape.py:110} INFO - Loaded page with requests: https://www.amazon.com/MRS-MEYERS-CLEAN-DAY-Biodegradable/dp/B07MFMWFYL/ref=zg_bs_g_11060451_d_sccl_11/143-8141929-0134545?psc=1
[2025-03-18T08:34:37.197+0000] {scrape.py:198} INFO - Scraped details for product B07MFMWFYL
[2025-03-18T08:34:45.635+0000] {scrape.py:110} INFO - Loaded page with requests: https://www.amazon.com/Valitic-Remover-Vitamin-Collagen-Turmeric/dp/B09MFMCTRK/ref=zg_bs_g_11060451_d_sccl_12/143-8141929-0134545?psc=1
[2025-03-18T08:34:45.648+0000] {scrape.py:198} INFO - Scraped details for product B09MFMCTRK
[2025-03-18T08:34:57.965+0000] {scrape.py:110} INFO - Loaded page with requests: https://www.amazon.com/CeraVe-Moisturizing-Cream-Daily-Moisturizer/dp/B00TTD9BRC/ref=zg_bs_g_11060451_d_sccl_13/143-8141929-0134545?psc=1
[2025-03-18T08:34:57.987+0000] {scrape.py:198} INFO - Scraped details for product B00TTD9BRC
[2025-03-18T08:35:09.694+0000] {scrape.py:110} INFO - Loaded page with requests: https://www.amazon.com/CeraVe-Moisturizing-Lotion-Hyaluronic-Fragrance/dp/B000YJ2SLG/ref=zg_bs_g_11060451_d_sccl_14/143-8141929-0134545?psc=1
[2025-03-18T08:35:09.709+0000] {scrape.py:198} INFO - Scraped details for product B000YJ2SLG
[2025-03-18T08:35:18.589+0000] {scrape.py:110} INFO - Loaded page with requests: https://www.amazon.com/COSRX-Repairing-Hydrating-Secretion-Phthalates/dp/B00PBX3L7K/ref=zg_bs_g_11060451_d_sccl_15/143-8141929-0134545?psc=1
[2025-03-18T08:35:18.606+0000] {scrape.py:198} INFO - Scraped details for product B00PBX3L7K
[2025-03-18T08:35:27.067+0000] {scrape.py:110} INFO - Loaded page with requests: https://www.amazon.com/Medicube-Collagen-Wrapping-Elasticity-Hydration/dp/B0BRMYHMS5/ref=zg_bs_g_11060451_d_sccl_16/143-8141929-0134545?psc=1
[2025-03-18T08:35:27.079+0000] {scrape.py:198} INFO - Scraped details for product B0BRMYHMS5
[2025-03-18T08:35:36.298+0000] {scrape.py:110} INFO - Loaded page with requests: https://www.amazon.com/Paulas-Choice-SKIN-PERFECTING-Exfoliant-Facial-Blackheads/dp/B00949CTQQ/ref=zg_bs_g_11060451_d_sccl_17/143-8141929-0134545?psc=1
[2025-03-18T08:35:36.307+0000] {scrape.py:198} INFO - Scraped details for product B00949CTQQ
[2025-03-18T08:35:47.551+0000] {scrape.py:110} INFO - Loaded page with requests: https://www.amazon.com/CeraVe-Hydrating-Facial-Cleanser-Fragrance/dp/B01MSSDEPK/ref=zg_bs_g_11060451_d_sccl_18/143-8141929-0134545?psc=1
[2025-03-18T08:35:47.566+0000] {scrape.py:198} INFO - Scraped details for product B01MSSDEPK
[2025-03-18T08:35:57.289+0000] {scrape.py:110} INFO - Loaded page with requests: https://www.amazon.com/Ordinary-Hyaluronic-Acid-2-30ml/dp/B01MYEZPC8/ref=zg_bs_g_11060451_d_sccl_19/143-8141929-0134545?psc=1
[2025-03-18T08:35:57.304+0000] {scrape.py:198} INFO - Scraped details for product B01MYEZPC8
[2025-03-18T08:36:08.813+0000] {scrape.py:110} INFO - Loaded page with requests: https://www.amazon.com/EltaMD-Acne-Prone-Mineral-Based-Dermatologist-Recommended/dp/B002MSN3QQ/ref=zg_bs_g_11060451_d_sccl_20/143-8141929-0134545?psc=1
[2025-03-18T08:36:08.836+0000] {scrape.py:198} INFO - Scraped details for product B002MSN3QQ
[2025-03-18T08:36:22.153+0000] {scrape.py:110} INFO - Loaded page with requests: https://www.amazon.com/Dove-Hypoallergenic-Paraben-Free-Sulfate-Free-Cruelty-Free/dp/B00SK71SAG/ref=zg_bs_g_11060451_d_sccl_21/143-8141929-0134545?psc=1
[2025-03-18T08:36:22.167+0000] {scrape.py:198} INFO - Scraped details for product B00SK71SAG
[2025-03-18T08:36:31.185+0000] {scrape.py:110} INFO - Loaded page with requests: https://www.amazon.com/MRS-MEYERS-CLEAN-DAY-Biodegradable/dp/B07TJG79HP/ref=zg_bs_g_11060451_d_sccl_22/143-8141929-0134545?psc=1
[2025-03-18T08:36:31.200+0000] {scrape.py:198} INFO - Scraped details for product B07TJG79HP
[2025-03-18T08:36:44.440+0000] {scrape.py:110} INFO - Loaded page with requests: https://www.amazon.com/Under-Eye-Patches-Gold-24-Pairs/dp/B014E2D6BY/ref=zg_bs_g_11060451_d_sccl_23/143-8141929-0134545?psc=1
[2025-03-18T08:36:44.455+0000] {scrape.py:198} INFO - Scraped details for product B014E2D6BY
[2025-03-18T08:36:57.772+0000] {scrape.py:110} INFO - Loaded page with requests: https://www.amazon.com/CeraVe-Facial-Moisturizing-Lotion-Lightweight/dp/B00365DABC/ref=zg_bs_g_11060451_d_sccl_24/143-8141929-0134545?psc=1
[2025-03-18T08:36:57.788+0000] {scrape.py:198} INFO - Scraped details for product B00365DABC
[2025-03-18T08:37:06.739+0000] {scrape.py:110} INFO - Loaded page with requests: https://www.amazon.com/CeraVe-Foaming-Facial-Cleanser-Washing/dp/B01N1LL62W/ref=zg_bs_g_11060451_d_sccl_25/143-8141929-0134545?psc=1
[2025-03-18T08:37:06.757+0000] {scrape.py:198} INFO - Scraped details for product B01N1LL62W
[2025-03-18T08:37:16.462+0000] {scrape.py:110} INFO - Loaded page with requests: https://www.amazon.com/Roche-Posay-Toleriane-Purifying-Sensitive-Niacinamide/dp/B01N34XW93/ref=zg_bs_g_11060451_d_sccl_26/143-8141929-0134545?psc=1
[2025-03-18T08:37:16.474+0000] {scrape.py:198} INFO - Scraped details for product B01N34XW93
[2025-03-18T08:37:27.761+0000] {scrape.py:110} INFO - Loaded page with requests: https://www.amazon.com/Tree-Hut-Variety-Strawberry-Champaine/dp/B0BX2TZZWG/ref=zg_bs_g_11060451_d_sccl_27/143-8141929-0134545?psc=1
[2025-03-18T08:37:27.777+0000] {scrape.py:198} INFO - Scraped details for product B0BX2TZZWG
[2025-03-18T08:37:36.746+0000] {scrape.py:110} INFO - Loaded page with requests: https://www.amazon.com/Face-Moisturizer-Collagen-Cream-Moisturizing/dp/B0BBSP2JNQ/ref=zg_bs_g_11060451_d_sccl_28/143-8141929-0134545?psc=1
[2025-03-18T08:37:36.759+0000] {scrape.py:198} INFO - Scraped details for product B0BBSP2JNQ
[2025-03-18T08:37:48.345+0000] {scrape.py:110} INFO - Loaded page with requests: https://www.amazon.com/CeraVe-Skin-Renewing-Night-Cream/dp/B00SNPCSUY/ref=zg_bs_g_11060451_d_sccl_29/143-8141929-0134545?psc=1
[2025-03-18T08:37:48.357+0000] {scrape.py:198} INFO - Scraped details for product B00SNPCSUY
[2025-03-18T08:37:59.677+0000] {scrape.py:110} INFO - Loaded page with requests: https://www.amazon.com/Vanicream-Moisturizer-Hyaluronic-pH-Balanced-Dermatologist/dp/B08BW46XXK/ref=zg_bs_g_11060451_d_sccl_30/143-8141929-0134545?psc=1
[2025-03-18T08:37:59.690+0000] {scrape.py:198} INFO - Scraped details for product B08BW46XXK
[2025-03-18T08:38:08.999+0000] {scrape.py:110} INFO - Loaded page with requests: https://www.amazon.com/Ordinary-Niacinamide-10-Zinc-30ml/dp/B01MDTVZTZ/ref=zg_bs_g_11060451_d_sccl_31/143-8141929-0134545?psc=1
[2025-03-18T08:38:09.015+0000] {scrape.py:198} INFO - Scraped details for product B01MDTVZTZ
[2025-03-18T08:38:21.777+0000] {scrape.py:110} INFO - Loaded page with requests: https://www.amazon.com/Frownies-Forehead-Between-Eyes-Patches/dp/B00027DMSI/ref=zg_bs_g_11060451_d_sccl_32/143-8141929-0134545?psc=1
[2025-03-18T08:38:21.789+0000] {scrape.py:198} INFO - Scraped details for product B00027DMSI
[2025-03-18T08:38:31.887+0000] {scrape.py:110} INFO - Loaded page with requests: https://www.amazon.com/Differin-Adapalene-0-1-Acne-Treatment/dp/B07L1PHSY9/ref=zg_bs_g_11060451_d_sccl_33/143-8141929-0134545?psc=1
[2025-03-18T08:38:31.900+0000] {scrape.py:198} INFO - Scraped details for product B07L1PHSY9
[2025-03-18T08:38:42.486+0000] {scrape.py:110} INFO - Loaded page with requests: https://www.amazon.com/CeraVe-Facial-Moisturizing-Lotion-AM/dp/B00F97FHAW/ref=zg_bs_g_11060451_d_sccl_34/143-8141929-0134545?psc=1
[2025-03-18T08:38:42.498+0000] {scrape.py:198} INFO - Scraped details for product B00F97FHAW
[2025-03-18T08:38:53.732+0000] {scrape.py:110} INFO - Loaded page with requests: https://www.amazon.com/Softsoap-Liquid-Hand-Fresh-Breeze/dp/B079FV6PRH/ref=zg_bs_g_11060451_d_sccl_35/143-8141929-0134545?psc=1
[2025-03-18T08:38:53.747+0000] {scrape.py:198} INFO - Scraped details for product B079FV6PRH
[2025-03-18T08:39:04.938+0000] {scrape.py:110} INFO - Loaded page with requests: https://www.amazon.com/Roche-Posay-Toleriane-Hydrating-Gentle-Cleanser/dp/B01N7T7JKJ/ref=zg_bs_g_11060451_d_sccl_36/143-8141929-0134545?psc=1
[2025-03-18T08:39:04.948+0000] {scrape.py:198} INFO - Scraped details for product B01N7T7JKJ
[2025-03-18T08:39:16.245+0000] {scrape.py:110} INFO - Loaded page with requests: https://www.amazon.com/SkinSmart-Cleanser-Bacteria-Athletes-Multiple/dp/B07VRFC3Y7/ref=zg_bs_g_11060451_d_sccl_37/143-8141929-0134545?psc=1
[2025-03-18T08:39:16.258+0000] {scrape.py:198} INFO - Scraped details for product B07VRFC3Y7
[2025-03-18T08:39:28.571+0000] {scrape.py:110} INFO - Loaded page with requests: https://www.amazon.com/CeraVe-Sunscreen-Hydrating-Mineral-Titanium/dp/B07YLKXV11/ref=zg_bs_g_11060451_d_sccl_38/143-8141929-0134545?psc=1
[2025-03-18T08:39:28.591+0000] {scrape.py:198} INFO - Scraped details for product B07YLKXV11
[2025-03-18T08:39:36.622+0000] {scrape.py:110} INFO - Loaded page with requests: https://www.amazon.com/Roche-Posay-Lipikar-Intense-Repair-Cream/dp/B003QXZWYW/ref=zg_bs_g_11060451_d_sccl_39/143-8141929-0134545?psc=1
[2025-03-18T08:39:36.633+0000] {scrape.py:198} INFO - Scraped details for product B003QXZWYW
[2025-03-18T08:39:48.229+0000] {scrape.py:110} INFO - Loaded page with requests: https://www.amazon.com/Roche-Posay-Cicaplast-Baume-Multi-Purpose-Butter/dp/B0060OUV5Y/ref=zg_bs_g_11060451_d_sccl_40/143-8141929-0134545?psc=1
[2025-03-18T08:39:48.238+0000] {scrape.py:198} INFO - Scraped details for product B0060OUV5Y
[2025-03-18T08:39:58.331+0000] {scrape.py:110} INFO - Loaded page with requests: https://www.amazon.com/DRMTLGY-Anti-Aging-Moisturizer-Foundation-Protection/dp/B07RW4CHC3/ref=zg_bs_g_11060451_d_sccl_41/143-8141929-0134545?psc=1
[2025-03-18T08:39:58.351+0000] {scrape.py:198} INFO - Scraped details for product B07RW4CHC3
[2025-03-18T08:40:09.660+0000] {scrape.py:110} INFO - Loaded page with requests: https://www.amazon.com/Good-Molecules-Formulated-Revitalize-Fragrance/dp/B091NJQ29P/ref=zg_bs_g_11060451_d_sccl_42/143-8141929-0134545?psc=1
[2025-03-18T08:40:09.679+0000] {scrape.py:198} INFO - Scraped details for product B091NJQ29P
[2025-03-18T08:40:18.955+0000] {scrape.py:110} INFO - Loaded page with requests: https://www.amazon.com/Aveeno-Moisturizing-Soothing-Emollients-Fragrance-Free/dp/B001459IEE/ref=zg_bs_g_11060451_d_sccl_43/143-8141929-0134545?psc=1
[2025-03-18T08:40:18.969+0000] {scrape.py:198} INFO - Scraped details for product B001459IEE
[2025-03-18T08:40:29.728+0000] {scrape.py:110} INFO - Loaded page with requests: https://www.amazon.com/Aquaphor-Advanced-Therapy-Ointment-Protectant/dp/B0107QPFBU/ref=zg_bs_g_11060451_d_sccl_44/143-8141929-0134545?psc=1
[2025-03-18T08:40:29.737+0000] {scrape.py:198} INFO - Scraped details for product B0107QPFBU
[2025-03-18T08:40:41.878+0000] {scrape.py:110} INFO - Loaded page with requests: https://www.amazon.com/Laneige-Lip-Glowy-Balm-Berry/dp/B07DY2QRF6/ref=zg_bs_g_11060451_d_sccl_45/143-8141929-0134545?psc=1
[2025-03-18T08:40:41.892+0000] {scrape.py:198} INFO - Scraped details for product B07DY2QRF6
[2025-03-18T08:40:51.086+0000] {scrape.py:110} INFO - Loaded page with requests: https://www.amazon.com/CeraVe-Salicylic-Cleanser-Exfoliating-Fragrance/dp/B08CQ9T6KN/ref=zg_bs_g_11060451_d_sccl_46/143-8141929-0134545?psc=1
[2025-03-18T08:40:51.100+0000] {scrape.py:198} INFO - Scraped details for product B08CQ9T6KN
[2025-03-18T08:41:03.363+0000] {scrape.py:110} INFO - Loaded page with requests: https://www.amazon.com/Carroten-Tan-Express-Intensive-Tanning/dp/B00I51885U/ref=zg_bs_g_11060451_d_sccl_47/143-8141929-0134545?psc=1
[2025-03-18T08:41:03.375+0000] {scrape.py:198} INFO - Scraped details for product B00I51885U
[2025-03-18T08:41:14.264+0000] {scrape.py:110} INFO - Loaded page with requests: https://www.amazon.com/ANUA-Heartleaf-Quercetinol-Pore-Cleansing/dp/B0BVV8BNYJ/ref=zg_bs_g_11060451_d_sccl_48/143-8141929-0134545?psc=1
[2025-03-18T08:41:14.276+0000] {scrape.py:198} INFO - Scraped details for product B0BVV8BNYJ
[2025-03-18T08:41:24.758+0000] {scrape.py:110} INFO - Loaded page with requests: https://www.amazon.com/Bior%C3%A9-Blackhead-Unclogging-Technology-Non-Comedogenic/dp/B0009EILKS/ref=zg_bs_g_11060451_d_sccl_49/143-8141929-0134545?psc=1
[2025-03-18T08:41:24.770+0000] {scrape.py:198} INFO - Scraped details for product B0009EILKS
[2025-03-18T08:41:34.384+0000] {scrape.py:110} INFO - Loaded page with requests: https://www.amazon.com/TruSkin-Naturals-Vitamin-Topical-Hyaluronic/dp/B01M4MCUAF/ref=zg_bs_g_11060451_d_sccl_50/143-8141929-0134545?psc=1
[2025-03-18T08:41:34.404+0000] {scrape.py:198} INFO - Scraped details for product B01M4MCUAF
[2025-03-18T08:41:42.526+0000] {scrape.py:182} INFO - Scraping page 2
[2025-03-18T08:41:53.167+0000] {scrape.py:88} INFO - Total products found after scrolling: 0
[2025-03-18T08:41:53.175+0000] {scrape.py:100} INFO - Loaded page with Selenium: https://www.amazon.com/Best-Sellers-Beauty-Personal-Care-Skin-Care-Products/zgbs/beauty/11060451/ref=zg_bs_nav_beauty_1?pg=2
[2025-03-18T08:41:53.176+0000] {scrape.py:140} INFO - Scraped 0 products from page 2
[2025-03-18T08:41:53.182+0000] {scrape.py:175} INFO - Saved 50 products to /opt/***/data/raw_20250318_083221.csv
[2025-03-18T08:41:53.350+0000] {scrape.py:77} INFO - WebDriver closed successfully.
[2025-03-18T08:41:53.368+0000] {python.py:237} INFO - Done. Returned value was: None
[2025-03-18T08:41:53.369+0000] {taskinstance.py:441} INFO - ::group::Post task execution logs
[2025-03-18T08:41:53.380+0000] {taskinstance.py:1206} INFO - Marking task as SUCCESS. dag_id=amazon_etl_dag, task_id=scrape_amazon_data, run_id=scheduled__2025-03-18T07:00:00+00:00, execution_date=20250318T070000, start_date=20250318T083221, end_date=20250318T084153
[2025-03-18T08:41:53.442+0000] {local_task_job_runner.py:240} INFO - Task exited with return code 0
[2025-03-18T08:41:53.487+0000] {taskinstance.py:3503} INFO - 1 downstream tasks scheduled from follow-on schedule check
[2025-03-18T08:41:53.490+0000] {local_task_job_runner.py:222} INFO - ::endgroup::
