[2025-03-19T04:45:46.801+0000] {local_task_job_runner.py:120} INFO - ::group::Pre task execution logs
[2025-03-19T04:45:46.825+0000] {taskinstance.py:2076} INFO - Dependencies all met for dep_context=non-requeueable deps ti=<TaskInstance: amazon_etl_dag.feature_engineering scheduled__2025-03-19T03:00:00+00:00 [queued]>
[2025-03-19T04:45:46.832+0000] {taskinstance.py:2076} INFO - Dependencies all met for dep_context=requeueable deps ti=<TaskInstance: amazon_etl_dag.feature_engineering scheduled__2025-03-19T03:00:00+00:00 [queued]>
[2025-03-19T04:45:46.833+0000] {taskinstance.py:2306} INFO - Starting attempt 1 of 2
[2025-03-19T04:45:46.845+0000] {taskinstance.py:2330} INFO - Executing <Task(PythonOperator): feature_engineering> on 2025-03-19 03:00:00+00:00
[2025-03-19T04:45:46.856+0000] {standard_task_runner.py:90} INFO - Running: ['***', 'tasks', 'run', 'amazon_etl_dag', 'feature_engineering', 'scheduled__2025-03-19T03:00:00+00:00', '--job-id', '289', '--raw', '--subdir', 'DAGS_FOLDER/test_dag.py', '--cfg-path', '/tmp/tmpyhzh4ng5']
[2025-03-19T04:45:46.858+0000] {standard_task_runner.py:91} INFO - Job 289: Subtask feature_engineering
[2025-03-19T04:45:46.859+0000] {logging_mixin.py:188} WARNING - /home/***/.local/lib/python3.12/site-packages/***/task/task_runner/standard_task_runner.py:61 DeprecationWarning: This process (pid=10665) is multi-threaded, use of fork() may lead to deadlocks in the child.
[2025-03-19T04:45:46.860+0000] {standard_task_runner.py:63} INFO - Started process 10705 to run task
[2025-03-19T04:45:46.900+0000] {task_command.py:426} INFO - Running <TaskInstance: amazon_etl_dag.feature_engineering scheduled__2025-03-19T03:00:00+00:00 [running]> on host d95dc314d490
[2025-03-19T04:45:46.967+0000] {taskinstance.py:2648} INFO - Exporting env vars: AIRFLOW_CTX_DAG_OWNER='***' AIRFLOW_CTX_DAG_ID='amazon_etl_dag' AIRFLOW_CTX_TASK_ID='feature_engineering' AIRFLOW_CTX_EXECUTION_DATE='2025-03-19T03:00:00+00:00' AIRFLOW_CTX_TRY_NUMBER='1' AIRFLOW_CTX_DAG_RUN_ID='scheduled__2025-03-19T03:00:00+00:00'
[2025-03-19T04:45:46.969+0000] {taskinstance.py:430} INFO - ::endgroup::
[2025-03-19T04:45:47.297+0000] {logging_mixin.py:188} INFO - Cluster summary:
[2025-03-19T04:45:47.304+0000] {logging_mixin.py:188} INFO -            bought_info   rating_count        top
cluster                                        
0        35528.875000   54583.750000  46.333333
1        70025.846154  117940.615385  19.692308
2        77349.681818   29100.318182  20.272727
3        23337.731707   16330.365854  78.926829
[2025-03-19T04:45:47.332+0000] {python.py:237} INFO - Done. Returned value was: None
[2025-03-19T04:45:47.333+0000] {taskinstance.py:441} INFO - ::group::Post task execution logs
[2025-03-19T04:45:47.342+0000] {taskinstance.py:1206} INFO - Marking task as SUCCESS. dag_id=amazon_etl_dag, task_id=feature_engineering, run_id=scheduled__2025-03-19T03:00:00+00:00, execution_date=20250319T030000, start_date=20250319T044546, end_date=20250319T044547
[2025-03-19T04:45:47.396+0000] {local_task_job_runner.py:240} INFO - Task exited with return code 0
[2025-03-19T04:45:47.412+0000] {taskinstance.py:3503} INFO - 1 downstream tasks scheduled from follow-on schedule check
[2025-03-19T04:45:47.415+0000] {local_task_job_runner.py:222} INFO - ::endgroup::
