[2025-03-18T10:10:17.788+0000] {local_task_job_runner.py:120} INFO - ::group::Pre task execution logs
[2025-03-18T10:10:17.816+0000] {taskinstance.py:2076} INFO - Dependencies all met for dep_context=non-requeueable deps ti=<TaskInstance: amazon_etl_dag.send_file_to_telegram scheduled__2025-03-18T09:00:00+00:00 [queued]>
[2025-03-18T10:10:17.823+0000] {taskinstance.py:2076} INFO - Dependencies all met for dep_context=requeueable deps ti=<TaskInstance: amazon_etl_dag.send_file_to_telegram scheduled__2025-03-18T09:00:00+00:00 [queued]>
[2025-03-18T10:10:17.825+0000] {taskinstance.py:2306} INFO - Starting attempt 1 of 2
[2025-03-18T10:10:17.836+0000] {taskinstance.py:2330} INFO - Executing <Task(PythonOperator): send_file_to_telegram> on 2025-03-18 09:00:00+00:00
[2025-03-18T10:10:17.850+0000] {standard_task_runner.py:90} INFO - Running: ['***', 'tasks', 'run', 'amazon_etl_dag', 'send_file_to_telegram', 'scheduled__2025-03-18T09:00:00+00:00', '--job-id', '267', '--raw', '--subdir', 'DAGS_FOLDER/test_dag.py', '--cfg-path', '/tmp/tmppoycbmnf']
[2025-03-18T10:10:17.852+0000] {standard_task_runner.py:91} INFO - Job 267: Subtask send_file_to_telegram
[2025-03-18T10:10:17.854+0000] {logging_mixin.py:188} WARNING - /home/***/.local/lib/python3.12/site-packages/***/task/task_runner/standard_task_runner.py:61 DeprecationWarning: This process (pid=96888) is multi-threaded, use of fork() may lead to deadlocks in the child.
[2025-03-18T10:10:17.855+0000] {standard_task_runner.py:63} INFO - Started process 96954 to run task
[2025-03-18T10:10:17.895+0000] {task_command.py:426} INFO - Running <TaskInstance: amazon_etl_dag.send_file_to_telegram scheduled__2025-03-18T09:00:00+00:00 [running]> on host 23e83e453497
[2025-03-18T10:10:17.969+0000] {taskinstance.py:2648} INFO - Exporting env vars: AIRFLOW_CTX_DAG_OWNER='***' AIRFLOW_CTX_DAG_ID='amazon_etl_dag' AIRFLOW_CTX_TASK_ID='send_file_to_telegram' AIRFLOW_CTX_EXECUTION_DATE='2025-03-18T09:00:00+00:00' AIRFLOW_CTX_TRY_NUMBER='1' AIRFLOW_CTX_DAG_RUN_ID='scheduled__2025-03-18T09:00:00+00:00'
[2025-03-18T10:10:17.971+0000] {taskinstance.py:430} INFO - ::endgroup::
[2025-03-18T10:10:17.981+0000] {sendNotifications.py:25} INFO - File /opt/***/data/raw_20250318_100004.csv found.
[2025-03-18T10:10:19.753+0000] {sendNotifications.py:41} INFO - Successfully sent /opt/***/data/raw_20250318_100004.csv to Telegram.
[2025-03-18T10:10:19.755+0000] {python.py:237} INFO - Done. Returned value was: None
[2025-03-18T10:10:19.756+0000] {taskinstance.py:441} INFO - ::group::Post task execution logs
[2025-03-18T10:10:19.765+0000] {taskinstance.py:1206} INFO - Marking task as SUCCESS. dag_id=amazon_etl_dag, task_id=send_file_to_telegram, run_id=scheduled__2025-03-18T09:00:00+00:00, execution_date=20250318T090000, start_date=20250318T101017, end_date=20250318T101019
[2025-03-18T10:10:19.801+0000] {local_task_job_runner.py:240} INFO - Task exited with return code 0
[2025-03-18T10:10:19.822+0000] {taskinstance.py:3503} INFO - 0 downstream tasks scheduled from follow-on schedule check
[2025-03-18T10:10:19.825+0000] {local_task_job_runner.py:222} INFO - ::endgroup::
