[2025-03-18T10:10:29.082+0000] {local_task_job_runner.py:120} INFO - ::group::Pre task execution logs
[2025-03-18T10:10:29.110+0000] {taskinstance.py:2076} INFO - Dependencies all met for dep_context=non-requeueable deps ti=<TaskInstance: amazon_etl_dag.feature_engineering scheduled__2025-03-18T09:00:00+00:00 [queued]>
[2025-03-18T10:10:29.119+0000] {taskinstance.py:2076} INFO - Dependencies all met for dep_context=requeueable deps ti=<TaskInstance: amazon_etl_dag.feature_engineering scheduled__2025-03-18T09:00:00+00:00 [queued]>
[2025-03-18T10:10:29.120+0000] {taskinstance.py:2306} INFO - Starting attempt 1 of 2
[2025-03-18T10:10:29.131+0000] {taskinstance.py:2330} INFO - Executing <Task(PythonOperator): feature_engineering> on 2025-03-18 09:00:00+00:00
[2025-03-18T10:10:29.143+0000] {standard_task_runner.py:90} INFO - Running: ['***', 'tasks', 'run', 'amazon_etl_dag', 'feature_engineering', 'scheduled__2025-03-18T09:00:00+00:00', '--job-id', '269', '--raw', '--subdir', 'DAGS_FOLDER/test_dag.py', '--cfg-path', '/tmp/tmp21t9zq5a']
[2025-03-18T10:10:29.145+0000] {standard_task_runner.py:91} INFO - Job 269: Subtask feature_engineering
[2025-03-18T10:10:29.146+0000] {logging_mixin.py:188} WARNING - /home/***/.local/lib/python3.12/site-packages/***/task/task_runner/standard_task_runner.py:61 DeprecationWarning: This process (pid=97033) is multi-threaded, use of fork() may lead to deadlocks in the child.
[2025-03-18T10:10:29.148+0000] {standard_task_runner.py:63} INFO - Started process 97057 to run task
[2025-03-18T10:10:29.190+0000] {task_command.py:426} INFO - Running <TaskInstance: amazon_etl_dag.feature_engineering scheduled__2025-03-18T09:00:00+00:00 [running]> on host 23e83e453497
[2025-03-18T10:10:29.259+0000] {taskinstance.py:2648} INFO - Exporting env vars: AIRFLOW_CTX_DAG_OWNER='***' AIRFLOW_CTX_DAG_ID='amazon_etl_dag' AIRFLOW_CTX_TASK_ID='feature_engineering' AIRFLOW_CTX_EXECUTION_DATE='2025-03-18T09:00:00+00:00' AIRFLOW_CTX_TRY_NUMBER='1' AIRFLOW_CTX_DAG_RUN_ID='scheduled__2025-03-18T09:00:00+00:00'
[2025-03-18T10:10:29.261+0000] {taskinstance.py:430} INFO - ::endgroup::
[2025-03-18T10:10:29.638+0000] {logging_mixin.py:188} INFO - Cluster summary:
[2025-03-18T10:10:29.646+0000] {logging_mixin.py:188} INFO -            bought_info   rating_count        top
cluster                                        
0        94846.555556   31602.888889   7.666667
1        35633.454545   26051.090909  38.909091
2        64246.461538   32501.153846  26.923077
3        42367.111111   88314.444444  37.444444
4        84593.125000  121659.875000  11.375000
[2025-03-18T10:10:29.673+0000] {python.py:237} INFO - Done. Returned value was: None
[2025-03-18T10:10:29.674+0000] {taskinstance.py:441} INFO - ::group::Post task execution logs
[2025-03-18T10:10:29.685+0000] {taskinstance.py:1206} INFO - Marking task as SUCCESS. dag_id=amazon_etl_dag, task_id=feature_engineering, run_id=scheduled__2025-03-18T09:00:00+00:00, execution_date=20250318T090000, start_date=20250318T101029, end_date=20250318T101029
[2025-03-18T10:10:29.724+0000] {local_task_job_runner.py:240} INFO - Task exited with return code 0
[2025-03-18T10:10:29.739+0000] {taskinstance.py:3503} INFO - 1 downstream tasks scheduled from follow-on schedule check
[2025-03-18T10:10:29.742+0000] {local_task_job_runner.py:222} INFO - ::endgroup::
