[2025-03-19T04:45:31.046+0000] {local_task_job_runner.py:120} INFO - ::group::Pre task execution logs
[2025-03-19T04:45:31.075+0000] {taskinstance.py:2076} INFO - Dependencies all met for dep_context=non-requeueable deps ti=<TaskInstance: amazon_etl_dag.send_file_to_telegram scheduled__2025-03-19T03:00:00+00:00 [queued]>
[2025-03-19T04:45:31.084+0000] {taskinstance.py:2076} INFO - Dependencies all met for dep_context=requeueable deps ti=<TaskInstance: amazon_etl_dag.send_file_to_telegram scheduled__2025-03-19T03:00:00+00:00 [queued]>
[2025-03-19T04:45:31.086+0000] {taskinstance.py:2306} INFO - Starting attempt 1 of 2
[2025-03-19T04:45:31.100+0000] {taskinstance.py:2330} INFO - Executing <Task(PythonOperator): send_file_to_telegram> on 2025-03-19 03:00:00+00:00
[2025-03-19T04:45:31.114+0000] {standard_task_runner.py:90} INFO - Running: ['***', 'tasks', 'run', 'amazon_etl_dag', 'send_file_to_telegram', 'scheduled__2025-03-19T03:00:00+00:00', '--job-id', '287', '--raw', '--subdir', 'DAGS_FOLDER/test_dag.py', '--cfg-path', '/tmp/tmpic4aqfru']
[2025-03-19T04:45:31.116+0000] {standard_task_runner.py:91} INFO - Job 287: Subtask send_file_to_telegram
[2025-03-19T04:45:31.117+0000] {logging_mixin.py:188} WARNING - /home/***/.local/lib/python3.12/site-packages/***/task/task_runner/standard_task_runner.py:61 DeprecationWarning: This process (pid=10551) is multi-threaded, use of fork() may lead to deadlocks in the child.
[2025-03-19T04:45:31.118+0000] {standard_task_runner.py:63} INFO - Started process 10632 to run task
[2025-03-19T04:45:31.160+0000] {task_command.py:426} INFO - Running <TaskInstance: amazon_etl_dag.send_file_to_telegram scheduled__2025-03-19T03:00:00+00:00 [running]> on host d95dc314d490
[2025-03-19T04:45:31.239+0000] {taskinstance.py:2648} INFO - Exporting env vars: AIRFLOW_CTX_DAG_OWNER='***' AIRFLOW_CTX_DAG_ID='amazon_etl_dag' AIRFLOW_CTX_TASK_ID='send_file_to_telegram' AIRFLOW_CTX_EXECUTION_DATE='2025-03-19T03:00:00+00:00' AIRFLOW_CTX_TRY_NUMBER='1' AIRFLOW_CTX_DAG_RUN_ID='scheduled__2025-03-19T03:00:00+00:00'
[2025-03-19T04:45:31.241+0000] {taskinstance.py:430} INFO - ::endgroup::
[2025-03-19T04:45:31.255+0000] {sendNotifications.py:25} INFO - File /opt/***/data/raw_20250319_042724.csv found.
[2025-03-19T04:45:33.246+0000] {sendNotifications.py:41} INFO - Successfully sent /opt/***/data/raw_20250319_042724.csv to Telegram.
[2025-03-19T04:45:33.247+0000] {python.py:237} INFO - Done. Returned value was: None
[2025-03-19T04:45:33.248+0000] {taskinstance.py:441} INFO - ::group::Post task execution logs
[2025-03-19T04:45:33.256+0000] {taskinstance.py:1206} INFO - Marking task as SUCCESS. dag_id=amazon_etl_dag, task_id=send_file_to_telegram, run_id=scheduled__2025-03-19T03:00:00+00:00, execution_date=20250319T030000, start_date=20250319T044531, end_date=20250319T044533
[2025-03-19T04:45:33.304+0000] {local_task_job_runner.py:240} INFO - Task exited with return code 0
[2025-03-19T04:45:33.331+0000] {taskinstance.py:3503} INFO - 1 downstream tasks scheduled from follow-on schedule check
[2025-03-19T04:45:33.335+0000] {local_task_job_runner.py:222} INFO - ::endgroup::
