[2025-03-18T09:00:03.632+0000] {local_task_job_runner.py:120} INFO - ::group::Pre task execution logs
[2025-03-18T09:00:03.660+0000] {taskinstance.py:2076} INFO - Dependencies all met for dep_context=non-requeueable deps ti=<TaskInstance: amazon_etl_dag.scrape_amazon_data scheduled__2025-03-18T08:00:00+00:00 [queued]>
[2025-03-18T09:00:03.667+0000] {taskinstance.py:2076} INFO - Dependencies all met for dep_context=requeueable deps ti=<TaskInstance: amazon_etl_dag.scrape_amazon_data scheduled__2025-03-18T08:00:00+00:00 [queued]>
[2025-03-18T09:00:03.669+0000] {taskinstance.py:2306} INFO - Starting attempt 1 of 2
[2025-03-18T09:00:03.682+0000] {taskinstance.py:2330} INFO - Executing <Task(PythonOperator): scrape_amazon_data> on 2025-03-18 08:00:00+00:00
[2025-03-18T09:00:03.694+0000] {standard_task_runner.py:90} INFO - Running: ['***', 'tasks', 'run', 'amazon_etl_dag', 'scrape_amazon_data', 'scheduled__2025-03-18T08:00:00+00:00', '--job-id', '261', '--raw', '--subdir', 'DAGS_FOLDER/test_dag.py', '--cfg-path', '/tmp/tmpg2ciqkmz']
[2025-03-18T09:00:03.697+0000] {standard_task_runner.py:91} INFO - Job 261: Subtask scrape_amazon_data
[2025-03-18T09:00:03.698+0000] {logging_mixin.py:188} WARNING - /home/***/.local/lib/python3.12/site-packages/***/task/task_runner/standard_task_runner.py:61 DeprecationWarning: This process (pid=58193) is multi-threaded, use of fork() may lead to deadlocks in the child.
[2025-03-18T09:00:03.699+0000] {standard_task_runner.py:63} INFO - Started process 58211 to run task
[2025-03-18T09:00:03.747+0000] {task_command.py:426} INFO - Running <TaskInstance: amazon_etl_dag.scrape_amazon_data scheduled__2025-03-18T08:00:00+00:00 [running]> on host 23e83e453497
[2025-03-18T09:00:03.833+0000] {taskinstance.py:2648} INFO - Exporting env vars: AIRFLOW_CTX_DAG_OWNER='***' AIRFLOW_CTX_DAG_ID='amazon_etl_dag' AIRFLOW_CTX_TASK_ID='scrape_amazon_data' AIRFLOW_CTX_EXECUTION_DATE='2025-03-18T08:00:00+00:00' AIRFLOW_CTX_TRY_NUMBER='1' AIRFLOW_CTX_DAG_RUN_ID='scheduled__2025-03-18T08:00:00+00:00'
[2025-03-18T09:00:03.835+0000] {taskinstance.py:430} INFO - ::endgroup::
[2025-03-18T09:00:03.837+0000] {scrape.py:182} INFO - Scraping page 1
[2025-03-18T09:00:05.249+0000] {scrape.py:60} INFO - Initialized new WebDriver
[2025-03-18T09:00:18.169+0000] {scrape.py:88} INFO - Total products found after scrolling: 0
[2025-03-18T09:00:18.354+0000] {scrape.py:100} INFO - Loaded page with Selenium: https://www.amazon.com/Best-Sellers-Beauty-Personal-Care-Skin-Care-Products/zgbs/beauty/11060451/ref=zg_bs_nav_beauty_1?pg=1
[2025-03-18T09:00:18.372+0000] {scrape.py:140} INFO - Scraped 50 products from page 1
[2025-03-18T09:00:21.162+0000] {scrape.py:110} INFO - Loaded page with requests: https://www.amazon.com/Mighty-Patch-Hydrocolloid-Absorbing-count/dp/B074PVTPBW/ref=zg_bs_g_11060451_d_sccl_1/140-9952127-4989607?psc=1
[2025-03-18T09:00:21.167+0000] {scrape.py:193} INFO - Breadcrumbs not found with requests, switching to Selenium for https://www.amazon.com/Mighty-Patch-Hydrocolloid-Absorbing-count/dp/B074PVTPBW/ref=zg_bs_g_11060451_d_sccl_1/140-9952127-4989607?psc=1
[2025-03-18T09:00:30.769+0000] {scrape.py:100} INFO - Loaded page with Selenium: https://www.amazon.com/Mighty-Patch-Hydrocolloid-Absorbing-count/dp/B074PVTPBW/ref=zg_bs_g_11060451_d_sccl_1/140-9952127-4989607?psc=1
[2025-03-18T09:00:30.782+0000] {scrape.py:198} INFO - Scraped details for product B074PVTPBW
[2025-03-18T09:00:39.017+0000] {scrape.py:110} INFO - Loaded page with requests: https://www.amazon.com/Clean-Skin-Club-Disposable-Sensitive/dp/B07PBXXNCY/ref=zg_bs_g_11060451_d_sccl_2/140-9952127-4989607?psc=1
[2025-03-18T09:00:39.031+0000] {scrape.py:198} INFO - Scraped details for product B07PBXXNCY
[2025-03-18T09:00:48.475+0000] {scrape.py:110} INFO - Loaded page with requests: https://www.amazon.com/eos-Cashmere-Moisture-Lightweight-Non-Greasy/dp/B08KT2Z93D/ref=zg_bs_g_11060451_d_sccl_3/140-9952127-4989607?psc=1
[2025-03-18T09:00:48.488+0000] {scrape.py:198} INFO - Scraped details for product B08KT2Z93D
[2025-03-18T09:01:00.680+0000] {scrape.py:110} INFO - Loaded page with requests: https://www.amazon.com/Neutrogena-Cleansing-Towelettes-Waterproof-Alcohol-Free/dp/B00U2VQZDS/ref=zg_bs_g_11060451_d_sccl_4/140-9952127-4989607?psc=1
[2025-03-18T09:01:00.695+0000] {scrape.py:198} INFO - Scraped details for product B00U2VQZDS
[2025-03-18T09:01:11.142+0000] {scrape.py:110} INFO - Loaded page with requests: https://www.amazon.com/Medicube-Zero-Pore-Pads-Dual-Textured/dp/B09V7Z4TJG/ref=zg_bs_g_11060451_d_sccl_5/140-9952127-4989607?psc=1
[2025-03-18T09:01:11.157+0000] {scrape.py:198} INFO - Scraped details for product B09V7Z4TJG
[2025-03-18T09:01:23.226+0000] {scrape.py:110} INFO - Loaded page with requests: https://www.amazon.com/Biodance-Bio-Collagen-Tightening-Hydrating-Molecular/dp/B0B2RM68G2/ref=zg_bs_g_11060451_d_sccl_6/140-9952127-4989607?psc=1
[2025-03-18T09:01:23.238+0000] {scrape.py:198} INFO - Scraped details for product B0B2RM68G2
[2025-03-18T09:01:34.641+0000] {scrape.py:110} INFO - Loaded page with requests: https://www.amazon.com/PanOxyl-Foaming-Peroxide-Strength-Antimicrobial/dp/B081KL2QYJ/ref=zg_bs_g_11060451_d_sccl_7/140-9952127-4989607?psc=1
[2025-03-18T09:01:34.650+0000] {scrape.py:198} INFO - Scraped details for product B081KL2QYJ
[2025-03-18T09:01:44.746+0000] {scrape.py:110} INFO - Loaded page with requests: https://www.amazon.com/Roche-Posay-Toleriane-Double-Repair-Moisturizer/dp/B01N9SPQHQ/ref=zg_bs_g_11060451_d_sccl_8/140-9952127-4989607?psc=1
[2025-03-18T09:01:44.757+0000] {scrape.py:198} INFO - Scraped details for product B01N9SPQHQ
[2025-03-18T09:01:54.045+0000] {scrape.py:110} INFO - Loaded page with requests: https://www.amazon.com/Dove-Body-Wash-Pump-Moisture/dp/B00MEDOY2G/ref=zg_bs_g_11060451_d_sccl_9/140-9952127-4989607?psc=1
[2025-03-18T09:01:54.059+0000] {scrape.py:198} INFO - Scraped details for product B00MEDOY2G
[2025-03-18T09:02:05.705+0000] {scrape.py:110} INFO - Loaded page with requests: https://www.amazon.com/Ordinary-Exfoliating-Brightening-Smoothing-Even-Looking/dp/B071914GGL/ref=zg_bs_g_11060451_d_sccl_10/140-9952127-4989607?psc=1
[2025-03-18T09:02:05.716+0000] {scrape.py:198} INFO - Scraped details for product B071914GGL
[2025-03-18T09:02:15.406+0000] {scrape.py:110} INFO - Loaded page with requests: https://www.amazon.com/MRS-MEYERS-CLEAN-DAY-Biodegradable/dp/B07MFMWFYL/ref=zg_bs_g_11060451_d_sccl_11/140-9952127-4989607?psc=1
[2025-03-18T09:02:15.422+0000] {scrape.py:198} INFO - Scraped details for product B07MFMWFYL
[2025-03-18T09:02:24.419+0000] {scrape.py:110} INFO - Loaded page with requests: https://www.amazon.com/Valitic-Remover-Vitamin-Collagen-Turmeric/dp/B09MFMCTRK/ref=zg_bs_g_11060451_d_sccl_12/140-9952127-4989607?psc=1
[2025-03-18T09:02:24.433+0000] {scrape.py:198} INFO - Scraped details for product B09MFMCTRK
[2025-03-18T09:02:34.920+0000] {scrape.py:110} INFO - Loaded page with requests: https://www.amazon.com/CeraVe-Moisturizing-Cream-Daily-Moisturizer/dp/B00TTD9BRC/ref=zg_bs_g_11060451_d_sccl_13/140-9952127-4989607?psc=1
[2025-03-18T09:02:34.933+0000] {scrape.py:198} INFO - Scraped details for product B00TTD9BRC
[2025-03-18T09:02:46.932+0000] {scrape.py:110} INFO - Loaded page with requests: https://www.amazon.com/COSRX-Repairing-Hydrating-Secretion-Phthalates/dp/B00PBX3L7K/ref=zg_bs_g_11060451_d_sccl_14/140-9952127-4989607?psc=1
[2025-03-18T09:02:46.948+0000] {scrape.py:198} INFO - Scraped details for product B00PBX3L7K
[2025-03-18T09:02:55.133+0000] {scrape.py:110} INFO - Loaded page with requests: https://www.amazon.com/CeraVe-Moisturizing-Lotion-Hyaluronic-Fragrance/dp/B000YJ2SLG/ref=zg_bs_g_11060451_d_sccl_15/140-9952127-4989607?psc=1
[2025-03-18T09:02:55.151+0000] {scrape.py:198} INFO - Scraped details for product B000YJ2SLG
[2025-03-18T09:03:04.752+0000] {scrape.py:110} INFO - Loaded page with requests: https://www.amazon.com/Medicube-Collagen-Wrapping-Elasticity-Hydration/dp/B0BRMYHMS5/ref=zg_bs_g_11060451_d_sccl_16/140-9952127-4989607?psc=1
[2025-03-18T09:03:04.764+0000] {scrape.py:198} INFO - Scraped details for product B0BRMYHMS5
[2025-03-18T09:03:13.738+0000] {scrape.py:110} INFO - Loaded page with requests: https://www.amazon.com/Paulas-Choice-SKIN-PERFECTING-Exfoliant-Facial-Blackheads/dp/B00949CTQQ/ref=zg_bs_g_11060451_d_sccl_17/140-9952127-4989607?psc=1
[2025-03-18T09:03:13.747+0000] {scrape.py:198} INFO - Scraped details for product B00949CTQQ
[2025-03-18T09:03:25.306+0000] {scrape.py:110} INFO - Loaded page with requests: https://www.amazon.com/CeraVe-Hydrating-Facial-Cleanser-Fragrance/dp/B01MSSDEPK/ref=zg_bs_g_11060451_d_sccl_18/140-9952127-4989607?psc=1
[2025-03-18T09:03:25.320+0000] {scrape.py:198} INFO - Scraped details for product B01MSSDEPK
[2025-03-18T09:03:33.644+0000] {scrape.py:110} INFO - Loaded page with requests: https://www.amazon.com/Ordinary-Hyaluronic-Acid-2-30ml/dp/B01MYEZPC8/ref=zg_bs_g_11060451_d_sccl_19/140-9952127-4989607?psc=1
[2025-03-18T09:03:33.659+0000] {scrape.py:198} INFO - Scraped details for product B01MYEZPC8
[2025-03-18T09:03:45.756+0000] {scrape.py:110} INFO - Loaded page with requests: https://www.amazon.com/EltaMD-Acne-Prone-Mineral-Based-Dermatologist-Recommended/dp/B002MSN3QQ/ref=zg_bs_g_11060451_d_sccl_20/140-9952127-4989607?psc=1
[2025-03-18T09:03:45.773+0000] {scrape.py:198} INFO - Scraped details for product B002MSN3QQ
[2025-03-18T09:03:54.057+0000] {scrape.py:110} INFO - Loaded page with requests: https://www.amazon.com/Dove-Hypoallergenic-Paraben-Free-Sulfate-Free-Cruelty-Free/dp/B00SK71SAG/ref=zg_bs_g_11060451_d_sccl_21/140-9952127-4989607?psc=1
[2025-03-18T09:03:54.070+0000] {scrape.py:198} INFO - Scraped details for product B00SK71SAG
[2025-03-18T09:04:02.537+0000] {scrape.py:110} INFO - Loaded page with requests: https://www.amazon.com/MRS-MEYERS-CLEAN-DAY-Biodegradable/dp/B07TJG79HP/ref=zg_bs_g_11060451_d_sccl_22/140-9952127-4989607?psc=1
[2025-03-18T09:04:02.549+0000] {scrape.py:198} INFO - Scraped details for product B07TJG79HP
[2025-03-18T09:04:13.228+0000] {scrape.py:110} INFO - Loaded page with requests: https://www.amazon.com/CeraVe-Facial-Moisturizing-Lotion-Lightweight/dp/B00365DABC/ref=zg_bs_g_11060451_d_sccl_23/140-9952127-4989607?psc=1
[2025-03-18T09:04:13.248+0000] {scrape.py:198} INFO - Scraped details for product B00365DABC
[2025-03-18T09:04:23.250+0000] {scrape.py:110} INFO - Loaded page with requests: https://www.amazon.com/Under-Eye-Patches-Gold-24-Pairs/dp/B014E2D6BY/ref=zg_bs_g_11060451_d_sccl_24/140-9952127-4989607?psc=1
[2025-03-18T09:04:23.265+0000] {scrape.py:198} INFO - Scraped details for product B014E2D6BY
[2025-03-18T09:04:32.878+0000] {scrape.py:110} INFO - Loaded page with requests: https://www.amazon.com/CeraVe-Foaming-Facial-Cleanser-Washing/dp/B01N1LL62W/ref=zg_bs_g_11060451_d_sccl_25/140-9952127-4989607?psc=1
[2025-03-18T09:04:32.892+0000] {scrape.py:198} INFO - Scraped details for product B01N1LL62W
[2025-03-18T09:04:44.847+0000] {scrape.py:110} INFO - Loaded page with requests: https://www.amazon.com/Roche-Posay-Toleriane-Purifying-Sensitive-Niacinamide/dp/B01N34XW93/ref=zg_bs_g_11060451_d_sccl_26/140-9952127-4989607?psc=1
[2025-03-18T09:04:44.857+0000] {scrape.py:198} INFO - Scraped details for product B01N34XW93
[2025-03-18T09:04:54.459+0000] {scrape.py:110} INFO - Loaded page with requests: https://www.amazon.com/CeraVe-Skin-Renewing-Night-Cream/dp/B00SNPCSUY/ref=zg_bs_g_11060451_d_sccl_27/140-9952127-4989607?psc=1
[2025-03-18T09:04:54.471+0000] {scrape.py:198} INFO - Scraped details for product B00SNPCSUY
[2025-03-18T09:05:06.407+0000] {scrape.py:110} INFO - Loaded page with requests: https://www.amazon.com/Face-Moisturizer-Collagen-Cream-Moisturizing/dp/B0BBSP2JNQ/ref=zg_bs_g_11060451_d_sccl_28/140-9952127-4989607?psc=1
[2025-03-18T09:05:06.419+0000] {scrape.py:198} INFO - Scraped details for product B0BBSP2JNQ
[2025-03-18T09:05:18.346+0000] {scrape.py:110} INFO - Loaded page with requests: https://www.amazon.com/Tree-Hut-Variety-Strawberry-Champaine/dp/B0BX2TZZWG/ref=zg_bs_g_11060451_d_sccl_29/140-9952127-4989607?psc=1
[2025-03-18T09:05:18.359+0000] {scrape.py:198} INFO - Scraped details for product B0BX2TZZWG
[2025-03-18T09:05:27.473+0000] {scrape.py:110} INFO - Loaded page with requests: https://www.amazon.com/Ordinary-Niacinamide-10-Zinc-30ml/dp/B01MDTVZTZ/ref=zg_bs_g_11060451_d_sccl_30/140-9952127-4989607?psc=1
[2025-03-18T09:05:27.492+0000] {scrape.py:198} INFO - Scraped details for product B01MDTVZTZ
[2025-03-18T09:05:37.235+0000] {scrape.py:110} INFO - Loaded page with requests: https://www.amazon.com/Vanicream-Moisturizer-Hyaluronic-pH-Balanced-Dermatologist/dp/B08BW46XXK/ref=zg_bs_g_11060451_d_sccl_31/140-9952127-4989607?psc=1
[2025-03-18T09:05:37.246+0000] {scrape.py:198} INFO - Scraped details for product B08BW46XXK
[2025-03-18T09:05:47.819+0000] {scrape.py:110} INFO - Loaded page with requests: https://www.amazon.com/Differin-Adapalene-0-1-Acne-Treatment/dp/B07L1PHSY9/ref=zg_bs_g_11060451_d_sccl_32/140-9952127-4989607?psc=1
[2025-03-18T09:05:47.829+0000] {scrape.py:198} INFO - Scraped details for product B07L1PHSY9
[2025-03-18T09:05:59.061+0000] {scrape.py:110} INFO - Loaded page with requests: https://www.amazon.com/Frownies-Forehead-Between-Eyes-Patches/dp/B00027DMSI/ref=zg_bs_g_11060451_d_sccl_33/140-9952127-4989607?psc=1
[2025-03-18T09:05:59.074+0000] {scrape.py:198} INFO - Scraped details for product B00027DMSI
[2025-03-18T09:06:10.017+0000] {scrape.py:110} INFO - Loaded page with requests: https://www.amazon.com/CeraVe-Facial-Moisturizing-Lotion-AM/dp/B00F97FHAW/ref=zg_bs_g_11060451_d_sccl_34/140-9952127-4989607?psc=1
[2025-03-18T09:06:10.030+0000] {scrape.py:198} INFO - Scraped details for product B00F97FHAW
[2025-03-18T09:06:21.595+0000] {scrape.py:110} INFO - Loaded page with requests: https://www.amazon.com/Roche-Posay-Toleriane-Hydrating-Gentle-Cleanser/dp/B01N7T7JKJ/ref=zg_bs_g_11060451_d_sccl_35/140-9952127-4989607?psc=1
[2025-03-18T09:06:21.605+0000] {scrape.py:198} INFO - Scraped details for product B01N7T7JKJ
[2025-03-18T09:06:29.728+0000] {scrape.py:110} INFO - Loaded page with requests: https://www.amazon.com/SkinSmart-Cleanser-Bacteria-Athletes-Multiple/dp/B07VRFC3Y7/ref=zg_bs_g_11060451_d_sccl_36/140-9952127-4989607?psc=1
[2025-03-18T09:06:29.742+0000] {scrape.py:198} INFO - Scraped details for product B07VRFC3Y7
[2025-03-18T09:06:39.013+0000] {scrape.py:110} INFO - Loaded page with requests: https://www.amazon.com/Softsoap-Liquid-Hand-Fresh-Breeze/dp/B079FV6PRH/ref=zg_bs_g_11060451_d_sccl_37/140-9952127-4989607?psc=1
[2025-03-18T09:06:39.026+0000] {scrape.py:198} INFO - Scraped details for product B079FV6PRH
[2025-03-18T09:06:47.137+0000] {scrape.py:110} INFO - Loaded page with requests: https://www.amazon.com/CeraVe-Sunscreen-Hydrating-Mineral-Titanium/dp/B07YLKXV11/ref=zg_bs_g_11060451_d_sccl_38/140-9952127-4989607?psc=1
[2025-03-18T09:06:47.156+0000] {scrape.py:198} INFO - Scraped details for product B07YLKXV11
[2025-03-18T09:06:55.147+0000] {scrape.py:110} INFO - Loaded page with requests: https://www.amazon.com/Roche-Posay-Cicaplast-Baume-Multi-Purpose-Butter/dp/B0060OUV5Y/ref=zg_bs_g_11060451_d_sccl_39/140-9952127-4989607?psc=1
[2025-03-18T09:06:55.158+0000] {scrape.py:198} INFO - Scraped details for product B0060OUV5Y
[2025-03-18T09:07:06.880+0000] {scrape.py:110} INFO - Loaded page with requests: https://www.amazon.com/Roche-Posay-Lipikar-Intense-Repair-Cream/dp/B003QXZWYW/ref=zg_bs_g_11060451_d_sccl_40/140-9952127-4989607?psc=1
[2025-03-18T09:07:06.890+0000] {scrape.py:198} INFO - Scraped details for product B003QXZWYW
[2025-03-18T09:07:16.056+0000] {scrape.py:110} INFO - Loaded page with requests: https://www.amazon.com/Good-Molecules-Formulated-Revitalize-Fragrance/dp/B091NJQ29P/ref=zg_bs_g_11060451_d_sccl_41/140-9952127-4989607?psc=1
[2025-03-18T09:07:16.073+0000] {scrape.py:198} INFO - Scraped details for product B091NJQ29P
[2025-03-18T09:07:24.091+0000] {scrape.py:110} INFO - Loaded page with requests: https://www.amazon.com/DRMTLGY-Anti-Aging-Moisturizer-Foundation-Protection/dp/B07RW4CHC3/ref=zg_bs_g_11060451_d_sccl_42/140-9952127-4989607?psc=1
[2025-03-18T09:07:24.110+0000] {scrape.py:198} INFO - Scraped details for product B07RW4CHC3
[2025-03-18T09:07:32.084+0000] {scrape.py:110} INFO - Loaded page with requests: https://www.amazon.com/Aveeno-Moisturizing-Soothing-Emollients-Fragrance-Free/dp/B001459IEE/ref=zg_bs_g_11060451_d_sccl_43/140-9952127-4989607?psc=1
[2025-03-18T09:07:32.097+0000] {scrape.py:198} INFO - Scraped details for product B001459IEE
[2025-03-18T09:07:41.443+0000] {scrape.py:110} INFO - Loaded page with requests: https://www.amazon.com/Aquaphor-Advanced-Therapy-Ointment-Protectant/dp/B0107QPFBU/ref=zg_bs_g_11060451_d_sccl_44/140-9952127-4989607?psc=1
[2025-03-18T09:07:41.455+0000] {scrape.py:198} INFO - Scraped details for product B0107QPFBU
[2025-03-18T09:07:50.213+0000] {scrape.py:110} INFO - Loaded page with requests: https://www.amazon.com/CeraVe-Salicylic-Cleanser-Exfoliating-Fragrance/dp/B08CQ9T6KN/ref=zg_bs_g_11060451_d_sccl_45/140-9952127-4989607?psc=1
[2025-03-18T09:07:50.226+0000] {scrape.py:198} INFO - Scraped details for product B08CQ9T6KN
[2025-03-18T09:07:58.125+0000] {scrape.py:110} INFO - Loaded page with requests: https://www.amazon.com/ANUA-Heartleaf-Quercetinol-Pore-Cleansing/dp/B0BVV8BNYJ/ref=zg_bs_g_11060451_d_sccl_46/140-9952127-4989607?psc=1
[2025-03-18T09:07:58.137+0000] {scrape.py:198} INFO - Scraped details for product B0BVV8BNYJ
[2025-03-18T09:08:10.628+0000] {scrape.py:110} INFO - Loaded page with requests: https://www.amazon.com/Laneige-Lip-Glowy-Balm-Berry/dp/B07DY2QRF6/ref=zg_bs_g_11060451_d_sccl_47/140-9952127-4989607?psc=1
[2025-03-18T09:08:10.640+0000] {scrape.py:198} INFO - Scraped details for product B07DY2QRF6
[2025-03-18T09:08:20.227+0000] {scrape.py:110} INFO - Loaded page with requests: https://www.amazon.com/Bior%C3%A9-Blackhead-Unclogging-Technology-Non-Comedogenic/dp/B0009EILKS/ref=zg_bs_g_11060451_d_sccl_48/140-9952127-4989607?psc=1
[2025-03-18T09:08:20.239+0000] {scrape.py:198} INFO - Scraped details for product B0009EILKS
[2025-03-18T09:08:31.491+0000] {scrape.py:110} INFO - Loaded page with requests: https://www.amazon.com/CeraVe-Repair-Cream-Circles-Puffiness/dp/B00JJPMXDO/ref=zg_bs_g_11060451_d_sccl_49/140-9952127-4989607?psc=1
[2025-03-18T09:08:31.503+0000] {scrape.py:198} INFO - Scraped details for product B00JJPMXDO
[2025-03-18T09:08:43.489+0000] {scrape.py:110} INFO - Loaded page with requests: https://www.amazon.com/Carroten-Tan-Express-Intensive-Tanning/dp/B00I51885U/ref=zg_bs_g_11060451_d_sccl_50/140-9952127-4989607?psc=1
[2025-03-18T09:08:43.500+0000] {scrape.py:198} INFO - Scraped details for product B00I51885U
[2025-03-18T09:08:52.970+0000] {scrape.py:182} INFO - Scraping page 2
[2025-03-18T09:09:05.403+0000] {scrape.py:88} INFO - Total products found after scrolling: 0
[2025-03-18T09:09:05.588+0000] {scrape.py:100} INFO - Loaded page with Selenium: https://www.amazon.com/Best-Sellers-Beauty-Personal-Care-Skin-Care-Products/zgbs/beauty/11060451/ref=zg_bs_nav_beauty_1?pg=2
[2025-03-18T09:09:05.606+0000] {scrape.py:140} INFO - Scraped 50 products from page 2
[2025-03-18T09:09:08.864+0000] {scrape.py:110} INFO - Loaded page with requests: https://www.amazon.com/TruSkin-Naturals-Vitamin-Topical-Hyaluronic/dp/B01M4MCUAF/ref=zg_bs_g_11060451_d_sccl_1/140-9952127-4989607?psc=1
[2025-03-18T09:09:08.883+0000] {scrape.py:198} INFO - Scraped details for product B01M4MCUAF
[2025-03-18T09:09:16.963+0000] {scrape.py:110} INFO - Loaded page with requests: https://www.amazon.com/Method-Body-Peace-Paraben-Phthalate/dp/B0BT1VXDGD/ref=zg_bs_g_11060451_d_sccl_2/140-9952127-4989607?psc=1
[2025-03-18T09:09:16.975+0000] {scrape.py:198} INFO - Scraped details for product B0BT1VXDGD
[2025-03-18T09:09:25.351+0000] {scrape.py:110} INFO - Loaded page with requests: https://www.amazon.com/Burts-Bees-Moisturizing-Original-Peppermint/dp/B0054LHI5A/ref=zg_bs_g_11060451_d_sccl_3/140-9952127-4989607?psc=1
[2025-03-18T09:09:25.363+0000] {scrape.py:198} INFO - Scraped details for product B0054LHI5A
[2025-03-18T09:09:34.662+0000] {scrape.py:110} INFO - Loaded page with requests: https://www.amazon.com/Beauty-Moisturizing-Effectively-Bacteria-Nourishes/dp/B086K2KMNR/ref=zg_bs_g_11060451_d_sccl_4/140-9952127-4989607?psc=1
[2025-03-18T09:09:34.676+0000] {scrape.py:198} INFO - Scraped details for product B086K2KMNR
[2025-03-18T09:09:43.322+0000] {scrape.py:110} INFO - Loaded page with requests: https://www.amazon.com/Softsoap-Antibacterial-Liquid-Refill-White/dp/B081FFRGZB/ref=zg_bs_g_11060451_d_sccl_5/140-9952127-4989607?psc=1
[2025-03-18T09:09:43.337+0000] {scrape.py:198} INFO - Scraped details for product B081FFRGZB
[2025-03-18T09:09:53.114+0000] {scrape.py:110} INFO - Loaded page with requests: https://www.amazon.com/Vanicream-Moisturizing-Sensitive-Irritated-Dermatologist/dp/B000NWGCZ2/ref=zg_bs_g_11060451_d_sccl_6/140-9952127-4989607?psc=1
[2025-03-18T09:09:53.125+0000] {scrape.py:198} INFO - Scraped details for product B000NWGCZ2
[2025-03-18T09:10:03.836+0000] {scrape.py:110} INFO - Loaded page with requests: https://www.amazon.com/Summer-Fridays-Lip-Butter-Balm/dp/B0C42HJRBF/ref=zg_bs_g_11060451_d_sccl_7/140-9952127-4989607?psc=1
[2025-03-18T09:10:03.846+0000] {scrape.py:198} INFO - Scraped details for product B0C42HJRBF
[2025-03-18T09:10:15.475+0000] {scrape.py:110} INFO - Loaded page with requests: https://www.amazon.com/Jergens-Natural-FIRMING-Moisturizer-Medium/dp/B001UTK76C/ref=zg_bs_g_11060451_d_sccl_8/140-9952127-4989607?psc=1
[2025-03-18T09:10:15.491+0000] {scrape.py:198} INFO - Scraped details for product B001UTK76C
[2025-03-18T09:10:26.493+0000] {scrape.py:110} INFO - Loaded page with requests: https://www.amazon.com/Laneige-Sleeping-Berry/dp/B07XXPHQZK/ref=zg_bs_g_11060451_d_sccl_9/140-9952127-4989607?psc=1
[2025-03-18T09:10:26.505+0000] {scrape.py:198} INFO - Scraped details for product B07XXPHQZK
[2025-03-18T09:10:36.900+0000] {scrape.py:110} INFO - Loaded page with requests: https://www.amazon.com/l-f-Moisturizing-Hyaluronic-Cruelty-free-Strawberry/dp/B0C7W6GW8P/ref=zg_bs_g_11060451_d_sccl_10/140-9952127-4989607?psc=1
[2025-03-18T09:10:36.912+0000] {scrape.py:198} INFO - Scraped details for product B0C7W6GW8P
[2025-03-18T09:10:42.814+0000] {scrape.py:110} INFO - Loaded page with requests: https://www.amazon.com/Rael-Hydrocolloid-Pimple-Healing-Patch/dp/B07G1VKCND/ref=zg_bs_g_11060451_d_sccl_11/140-9952127-4989607?psc=1
[2025-03-18T09:10:42.815+0000] {scrape.py:193} INFO - Breadcrumbs not found with requests, switching to Selenium for https://www.amazon.com/Rael-Hydrocolloid-Pimple-Healing-Patch/dp/B07G1VKCND/ref=zg_bs_g_11060451_d_sccl_11/140-9952127-4989607?psc=1
[2025-03-18T09:10:52.588+0000] {scrape.py:100} INFO - Loaded page with Selenium: https://www.amazon.com/Rael-Hydrocolloid-Pimple-Healing-Patch/dp/B07G1VKCND/ref=zg_bs_g_11060451_d_sccl_11/140-9952127-4989607?psc=1
[2025-03-18T09:10:52.602+0000] {scrape.py:198} INFO - Scraped details for product B07G1VKCND
[2025-03-18T09:11:03.478+0000] {scrape.py:110} INFO - Loaded page with requests: https://www.amazon.com/Terra-Lotus-Organic-Grass-Fed-Tallow/dp/B0CVW6NSD2/ref=zg_bs_g_11060451_d_sccl_12/140-9952127-4989607?psc=1
[2025-03-18T09:11:03.491+0000] {scrape.py:198} INFO - Scraped details for product B0CVW6NSD2
[2025-03-18T09:11:13.234+0000] {scrape.py:110} INFO - Loaded page with requests: https://www.amazon.com/CeraVe-Post-Acne-Refining-Resurfacing-Brightening/dp/B07VWSN95S/ref=zg_bs_g_11060451_d_sccl_13/140-9952127-4989607?psc=1
[2025-03-18T09:11:13.235+0000] {scrape.py:193} INFO - Breadcrumbs not found with requests, switching to Selenium for https://www.amazon.com/CeraVe-Post-Acne-Refining-Resurfacing-Brightening/dp/B07VWSN95S/ref=zg_bs_g_11060451_d_sccl_13/140-9952127-4989607?psc=1
[2025-03-18T09:11:22.562+0000] {scrape.py:100} INFO - Loaded page with Selenium: https://www.amazon.com/CeraVe-Post-Acne-Refining-Resurfacing-Brightening/dp/B07VWSN95S/ref=zg_bs_g_11060451_d_sccl_13/140-9952127-4989607?psc=1
[2025-03-18T09:11:22.582+0000] {scrape.py:198} INFO - Scraped details for product B07VWSN95S
[2025-03-18T09:11:28.113+0000] {scrape.py:110} INFO - Loaded page with requests: https://www.amazon.com/Niacinamide-Tranexamic-Hyaluronic-Sensitive-Fragrance-Free/dp/B0CLLV2T1P/ref=zg_bs_g_11060451_d_sccl_14/140-9952127-4989607?psc=1
[2025-03-18T09:11:28.114+0000] {scrape.py:193} INFO - Breadcrumbs not found with requests, switching to Selenium for https://www.amazon.com/Niacinamide-Tranexamic-Hyaluronic-Sensitive-Fragrance-Free/dp/B0CLLV2T1P/ref=zg_bs_g_11060451_d_sccl_14/140-9952127-4989607?psc=1
[2025-03-18T09:11:36.799+0000] {scrape.py:100} INFO - Loaded page with Selenium: https://www.amazon.com/Niacinamide-Tranexamic-Hyaluronic-Sensitive-Fragrance-Free/dp/B0CLLV2T1P/ref=zg_bs_g_11060451_d_sccl_14/140-9952127-4989607?psc=1
[2025-03-18T09:11:36.818+0000] {scrape.py:198} INFO - Scraped details for product B0CLLV2T1P
[2025-03-18T09:11:44.575+0000] {scrape.py:110} INFO - Loaded page with requests: https://www.amazon.com/Olay-Lasting-Hydration-Ingredient-Luminous/dp/B0DMQ7J3YQ/ref=zg_bs_g_11060451_d_sccl_15/140-9952127-4989607?psc=1
[2025-03-18T09:11:44.577+0000] {scrape.py:193} INFO - Breadcrumbs not found with requests, switching to Selenium for https://www.amazon.com/Olay-Lasting-Hydration-Ingredient-Luminous/dp/B0DMQ7J3YQ/ref=zg_bs_g_11060451_d_sccl_15/140-9952127-4989607?psc=1
[2025-03-18T09:11:53.186+0000] {scrape.py:100} INFO - Loaded page with Selenium: https://www.amazon.com/Olay-Lasting-Hydration-Ingredient-Luminous/dp/B0DMQ7J3YQ/ref=zg_bs_g_11060451_d_sccl_15/140-9952127-4989607?psc=1
[2025-03-18T09:11:53.198+0000] {scrape.py:198} INFO - Scraped details for product B0DMQ7J3YQ
[2025-03-18T09:11:59.770+0000] {scrape.py:110} INFO - Loaded page with requests: https://www.amazon.com/Daolyo-Hydrocolloid-Blemishes-Salicylic-Calendula/dp/B0CCRWC6W9/ref=zg_bs_g_11060451_d_sccl_16/140-9952127-4989607?psc=1
[2025-03-18T09:11:59.771+0000] {scrape.py:193} INFO - Breadcrumbs not found with requests, switching to Selenium for https://www.amazon.com/Daolyo-Hydrocolloid-Blemishes-Salicylic-Calendula/dp/B0CCRWC6W9/ref=zg_bs_g_11060451_d_sccl_16/140-9952127-4989607?psc=1
[2025-03-18T09:12:09.306+0000] {scrape.py:100} INFO - Loaded page with Selenium: https://www.amazon.com/Daolyo-Hydrocolloid-Blemishes-Salicylic-Calendula/dp/B0CCRWC6W9/ref=zg_bs_g_11060451_d_sccl_16/140-9952127-4989607?psc=1
[2025-03-18T09:12:09.321+0000] {scrape.py:198} INFO - Scraped details for product B0CCRWC6W9
[2025-03-18T09:12:20.080+0000] {scrape.py:110} INFO - Loaded page with requests: https://www.amazon.com/Neutrogena-Ultra-Dry-Touch-Sunscreen-Spectrum/dp/B005IHT94S/ref=zg_bs_g_11060451_d_sccl_17/140-9952127-4989607?psc=1
[2025-03-18T09:12:20.097+0000] {scrape.py:198} INFO - Scraped details for product B005IHT94S
[2025-03-18T09:12:25.491+0000] {scrape.py:110} INFO - Loaded page with requests: https://www.amazon.com/Vanicream-Gentle-Cleanser-sensitive-Dispenser/dp/B00QY1XZ4W/ref=zg_bs_g_11060451_d_sccl_18/140-9952127-4989607?psc=1
[2025-03-18T09:12:25.492+0000] {scrape.py:193} INFO - Breadcrumbs not found with requests, switching to Selenium for https://www.amazon.com/Vanicream-Gentle-Cleanser-sensitive-Dispenser/dp/B00QY1XZ4W/ref=zg_bs_g_11060451_d_sccl_18/140-9952127-4989607?psc=1
[2025-03-18T09:12:34.483+0000] {scrape.py:100} INFO - Loaded page with Selenium: https://www.amazon.com/Vanicream-Gentle-Cleanser-sensitive-Dispenser/dp/B00QY1XZ4W/ref=zg_bs_g_11060451_d_sccl_18/140-9952127-4989607?psc=1
[2025-03-18T09:12:34.496+0000] {scrape.py:198} INFO - Scraped details for product B00QY1XZ4W
[2025-03-18T09:12:41.795+0000] {scrape.py:110} INFO - Loaded page with requests: https://www.amazon.com/Good-Molecules-Hyaluronic-Long-Lasting-Fragrance-free/dp/B08TM8DLFJ/ref=zg_bs_g_11060451_d_sccl_19/140-9952127-4989607?psc=1
[2025-03-18T09:12:41.796+0000] {scrape.py:193} INFO - Breadcrumbs not found with requests, switching to Selenium for https://www.amazon.com/Good-Molecules-Hyaluronic-Long-Lasting-Fragrance-free/dp/B08TM8DLFJ/ref=zg_bs_g_11060451_d_sccl_19/140-9952127-4989607?psc=1
[2025-03-18T09:12:50.604+0000] {scrape.py:100} INFO - Loaded page with Selenium: https://www.amazon.com/Good-Molecules-Hyaluronic-Long-Lasting-Fragrance-free/dp/B08TM8DLFJ/ref=zg_bs_g_11060451_d_sccl_19/140-9952127-4989607?psc=1
[2025-03-18T09:12:50.623+0000] {scrape.py:198} INFO - Scraped details for product B08TM8DLFJ
[2025-03-18T09:12:58.853+0000] {scrape.py:110} INFO - Loaded page with requests: https://www.amazon.com/Thayers-Alcohol-Free-Petal-Formula-12-Facial/dp/B007HD570Q/ref=zg_bs_g_11060451_d_sccl_20/140-9952127-4989607?psc=1
[2025-03-18T09:12:58.854+0000] {scrape.py:193} INFO - Breadcrumbs not found with requests, switching to Selenium for https://www.amazon.com/Thayers-Alcohol-Free-Petal-Formula-12-Facial/dp/B007HD570Q/ref=zg_bs_g_11060451_d_sccl_20/140-9952127-4989607?psc=1
[2025-03-18T09:13:08.063+0000] {scrape.py:100} INFO - Loaded page with Selenium: https://www.amazon.com/Thayers-Alcohol-Free-Petal-Formula-12-Facial/dp/B007HD570Q/ref=zg_bs_g_11060451_d_sccl_20/140-9952127-4989607?psc=1
[2025-03-18T09:13:08.079+0000] {scrape.py:198} INFO - Scraped details for product B007HD570Q
[2025-03-18T09:13:16.067+0000] {scrape.py:110} INFO - Loaded page with requests: https://www.amazon.com/Getter-Multi-Oil-Hydrating-Naturium-Cleanser/dp/B0B1PDDLGZ/ref=zg_bs_g_11060451_d_sccl_21/140-9952127-4989607?psc=1
[2025-03-18T09:13:16.067+0000] {scrape.py:193} INFO - Breadcrumbs not found with requests, switching to Selenium for https://www.amazon.com/Getter-Multi-Oil-Hydrating-Naturium-Cleanser/dp/B0B1PDDLGZ/ref=zg_bs_g_11060451_d_sccl_21/140-9952127-4989607?psc=1
[2025-03-18T09:13:24.795+0000] {scrape.py:100} INFO - Loaded page with Selenium: https://www.amazon.com/Getter-Multi-Oil-Hydrating-Naturium-Cleanser/dp/B0B1PDDLGZ/ref=zg_bs_g_11060451_d_sccl_21/140-9952127-4989607?psc=1
[2025-03-18T09:13:24.807+0000] {scrape.py:198} INFO - Scraped details for product B0B1PDDLGZ
[2025-03-18T09:13:36.186+0000] {scrape.py:110} INFO - Loaded page with requests: https://www.amazon.com/Aquaphor-Healing-Protectant-Avocado-Butter/dp/B09RYRCXKM/ref=zg_bs_g_11060451_d_sccl_22/140-9952127-4989607?psc=1
[2025-03-18T09:13:36.199+0000] {scrape.py:198} INFO - Scraped details for product B09RYRCXKM
[2025-03-18T09:13:45.476+0000] {scrape.py:110} INFO - Loaded page with requests: https://www.amazon.com/Beauty-Joseon-Revive-eye-serum/dp/B0B45LL4DD/ref=zg_bs_g_11060451_d_sccl_23/140-9952127-4989607?psc=1
[2025-03-18T09:13:45.477+0000] {scrape.py:193} INFO - Breadcrumbs not found with requests, switching to Selenium for https://www.amazon.com/Beauty-Joseon-Revive-eye-serum/dp/B0B45LL4DD/ref=zg_bs_g_11060451_d_sccl_23/140-9952127-4989607?psc=1
[2025-03-18T09:13:54.609+0000] {scrape.py:100} INFO - Loaded page with Selenium: https://www.amazon.com/Beauty-Joseon-Revive-eye-serum/dp/B0B45LL4DD/ref=zg_bs_g_11060451_d_sccl_23/140-9952127-4989607?psc=1
[2025-03-18T09:13:54.624+0000] {scrape.py:198} INFO - Scraped details for product B0B45LL4DD
[2025-03-18T09:14:01.479+0000] {scrape.py:110} INFO - Loaded page with requests: https://www.amazon.com/Aquaphor-Repair-Tube-Blister-Ounce/dp/B06XDCPYYL/ref=zg_bs_g_11060451_d_sccl_24/140-9952127-4989607?psc=1
[2025-03-18T09:14:01.480+0000] {scrape.py:193} INFO - Breadcrumbs not found with requests, switching to Selenium for https://www.amazon.com/Aquaphor-Repair-Tube-Blister-Ounce/dp/B06XDCPYYL/ref=zg_bs_g_11060451_d_sccl_24/140-9952127-4989607?psc=1
[2025-03-18T09:14:10.428+0000] {scrape.py:100} INFO - Loaded page with Selenium: https://www.amazon.com/Aquaphor-Repair-Tube-Blister-Ounce/dp/B06XDCPYYL/ref=zg_bs_g_11060451_d_sccl_24/140-9952127-4989607?psc=1
[2025-03-18T09:14:10.443+0000] {scrape.py:198} INFO - Scraped details for product B06XDCPYYL
[2025-03-18T09:14:16.961+0000] {scrape.py:110} INFO - Loaded page with requests: https://www.amazon.com/CeraVe-Treatment-Salicylic-Purifying-Blackhead/dp/B097WFJ5H2/ref=zg_bs_g_11060451_d_sccl_25/140-9952127-4989607?psc=1
[2025-03-18T09:14:16.962+0000] {scrape.py:193} INFO - Breadcrumbs not found with requests, switching to Selenium for https://www.amazon.com/CeraVe-Treatment-Salicylic-Purifying-Blackhead/dp/B097WFJ5H2/ref=zg_bs_g_11060451_d_sccl_25/140-9952127-4989607?psc=1
[2025-03-18T09:14:25.656+0000] {scrape.py:100} INFO - Loaded page with Selenium: https://www.amazon.com/CeraVe-Treatment-Salicylic-Purifying-Blackhead/dp/B097WFJ5H2/ref=zg_bs_g_11060451_d_sccl_25/140-9952127-4989607?psc=1
[2025-03-18T09:14:25.673+0000] {scrape.py:198} INFO - Scraped details for product B097WFJ5H2
[2025-03-18T09:14:35.523+0000] {scrape.py:110} INFO - Loaded page with requests: https://www.amazon.com/EltaMD-Moisturizer-Hyaluronic-Mineral-Based-Protection/dp/B00J5KDCO2/ref=zg_bs_g_11060451_d_sccl_26/140-9952127-4989607?psc=1
[2025-03-18T09:14:35.524+0000] {scrape.py:193} INFO - Breadcrumbs not found with requests, switching to Selenium for https://www.amazon.com/EltaMD-Moisturizer-Hyaluronic-Mineral-Based-Protection/dp/B00J5KDCO2/ref=zg_bs_g_11060451_d_sccl_26/140-9952127-4989607?psc=1
[2025-03-18T09:14:44.502+0000] {scrape.py:100} INFO - Loaded page with Selenium: https://www.amazon.com/EltaMD-Moisturizer-Hyaluronic-Mineral-Based-Protection/dp/B00J5KDCO2/ref=zg_bs_g_11060451_d_sccl_26/140-9952127-4989607?psc=1
[2025-03-18T09:14:44.522+0000] {scrape.py:198} INFO - Scraped details for product B00J5KDCO2
[2025-03-18T09:14:50.458+0000] {scrape.py:110} INFO - Loaded page with requests: https://www.amazon.com/b-tan-Darkest-Sunless-Tanner-Possible/dp/B09B4F55NY/ref=zg_bs_g_11060451_d_sccl_27/140-9952127-4989607?psc=1
[2025-03-18T09:14:50.460+0000] {scrape.py:193} INFO - Breadcrumbs not found with requests, switching to Selenium for https://www.amazon.com/b-tan-Darkest-Sunless-Tanner-Possible/dp/B09B4F55NY/ref=zg_bs_g_11060451_d_sccl_27/140-9952127-4989607?psc=1
[2025-03-18T09:14:59.729+0000] {scrape.py:100} INFO - Loaded page with Selenium: https://www.amazon.com/b-tan-Darkest-Sunless-Tanner-Possible/dp/B09B4F55NY/ref=zg_bs_g_11060451_d_sccl_27/140-9952127-4989607?psc=1
[2025-03-18T09:14:59.747+0000] {scrape.py:198} INFO - Scraped details for product B09B4F55NY
[2025-03-18T09:15:07.102+0000] {scrape.py:110} INFO - Loaded page with requests: https://www.amazon.com/Irish-Spring-Original-Clean-Body/dp/B09GN1YRVP/ref=zg_bs_g_11060451_d_sccl_28/140-9952127-4989607?psc=1
[2025-03-18T09:15:07.103+0000] {scrape.py:193} INFO - Breadcrumbs not found with requests, switching to Selenium for https://www.amazon.com/Irish-Spring-Original-Clean-Body/dp/B09GN1YRVP/ref=zg_bs_g_11060451_d_sccl_28/140-9952127-4989607?psc=1
[2025-03-18T09:15:15.999+0000] {scrape.py:100} INFO - Loaded page with Selenium: https://www.amazon.com/Irish-Spring-Original-Clean-Body/dp/B09GN1YRVP/ref=zg_bs_g_11060451_d_sccl_28/140-9952127-4989607?psc=1
[2025-03-18T09:15:16.013+0000] {scrape.py:198} INFO - Scraped details for product B09GN1YRVP
[2025-03-18T09:15:24.330+0000] {scrape.py:110} INFO - Loaded page with requests: https://www.amazon.com/Cetaphil-Gentle-Makeup-Removing-Wipes/dp/B01M4NFD2N/ref=zg_bs_g_11060451_d_sccl_29/140-9952127-4989607?psc=1
[2025-03-18T09:15:24.332+0000] {scrape.py:193} INFO - Breadcrumbs not found with requests, switching to Selenium for https://www.amazon.com/Cetaphil-Gentle-Makeup-Removing-Wipes/dp/B01M4NFD2N/ref=zg_bs_g_11060451_d_sccl_29/140-9952127-4989607?psc=1
[2025-03-18T09:15:34.164+0000] {scrape.py:100} INFO - Loaded page with Selenium: https://www.amazon.com/Cetaphil-Gentle-Makeup-Removing-Wipes/dp/B01M4NFD2N/ref=zg_bs_g_11060451_d_sccl_29/140-9952127-4989607?psc=1
[2025-03-18T09:15:34.180+0000] {scrape.py:198} INFO - Scraped details for product B01M4NFD2N
[2025-03-18T09:15:46.059+0000] {scrape.py:110} INFO - Loaded page with requests: https://www.amazon.com/Hawaiian-Tropic-Hydrating-Butter-Coconut/dp/B07BH4DD2M/ref=zg_bs_g_11060451_d_sccl_30/140-9952127-4989607?psc=1
[2025-03-18T09:15:46.071+0000] {scrape.py:198} INFO - Scraped details for product B07BH4DD2M
[2025-03-18T09:15:55.494+0000] {scrape.py:110} INFO - Loaded page with requests: https://www.amazon.com/Gold-Bond-Corrector-Replenishing-Smoothing/dp/B09YZ16XCN/ref=zg_bs_g_11060451_d_sccl_81/140-9952127-4989607?psc=1
[2025-03-18T09:15:55.496+0000] {scrape.py:193} INFO - Breadcrumbs not found with requests, switching to Selenium for https://www.amazon.com/Gold-Bond-Corrector-Replenishing-Smoothing/dp/B09YZ16XCN/ref=zg_bs_g_11060451_d_sccl_81/140-9952127-4989607?psc=1
[2025-03-18T09:16:04.913+0000] {scrape.py:100} INFO - Loaded page with Selenium: https://www.amazon.com/Gold-Bond-Corrector-Replenishing-Smoothing/dp/B09YZ16XCN/ref=zg_bs_g_11060451_d_sccl_81/140-9952127-4989607?psc=1
[2025-03-18T09:16:04.928+0000] {scrape.py:198} INFO - Scraped details for product B09YZ16XCN
[2025-03-18T09:16:12.689+0000] {scrape.py:110} INFO - Loaded page with requests: https://www.amazon.com/Dermactin-Crepe-Gone-Body-Souffle/dp/B0DJV6YB44/ref=zg_bs_g_11060451_d_sccl_82/140-9952127-4989607?psc=1
[2025-03-18T09:16:12.690+0000] {scrape.py:193} INFO - Breadcrumbs not found with requests, switching to Selenium for https://www.amazon.com/Dermactin-Crepe-Gone-Body-Souffle/dp/B0DJV6YB44/ref=zg_bs_g_11060451_d_sccl_82/140-9952127-4989607?psc=1
[2025-03-18T09:16:21.486+0000] {scrape.py:100} INFO - Loaded page with Selenium: https://www.amazon.com/Dermactin-Crepe-Gone-Body-Souffle/dp/B0DJV6YB44/ref=zg_bs_g_11060451_d_sccl_82/140-9952127-4989607?psc=1
[2025-03-18T09:16:21.499+0000] {scrape.py:198} INFO - Scraped details for product B0DJV6YB44
[2025-03-18T09:16:30.684+0000] {scrape.py:110} INFO - Loaded page with requests: https://www.amazon.com/dalba-Piedmont-Light-weight-Moisturizer-Comedogenic/dp/B0BFQ9RD5B/ref=zg_bs_g_11060451_d_sccl_83/140-9952127-4989607?psc=1
[2025-03-18T09:16:30.685+0000] {scrape.py:193} INFO - Breadcrumbs not found with requests, switching to Selenium for https://www.amazon.com/dalba-Piedmont-Light-weight-Moisturizer-Comedogenic/dp/B0BFQ9RD5B/ref=zg_bs_g_11060451_d_sccl_83/140-9952127-4989607?psc=1
[2025-03-18T09:16:40.000+0000] {scrape.py:100} INFO - Loaded page with Selenium: https://www.amazon.com/dalba-Piedmont-Light-weight-Moisturizer-Comedogenic/dp/B0BFQ9RD5B/ref=zg_bs_g_11060451_d_sccl_83/140-9952127-4989607?psc=1
[2025-03-18T09:16:40.014+0000] {scrape.py:198} INFO - Scraped details for product B0BFQ9RD5B
[2025-03-18T09:16:46.896+0000] {scrape.py:110} INFO - Loaded page with requests: https://www.amazon.com/Dove-Beauty-Sensitive-Skin-Count/dp/B001ET7IQK/ref=zg_bs_g_11060451_d_sccl_84/140-9952127-4989607?psc=1
[2025-03-18T09:16:46.897+0000] {scrape.py:193} INFO - Breadcrumbs not found with requests, switching to Selenium for https://www.amazon.com/Dove-Beauty-Sensitive-Skin-Count/dp/B001ET7IQK/ref=zg_bs_g_11060451_d_sccl_84/140-9952127-4989607?psc=1
[2025-03-18T09:16:56.281+0000] {scrape.py:100} INFO - Loaded page with Selenium: https://www.amazon.com/Dove-Beauty-Sensitive-Skin-Count/dp/B001ET7IQK/ref=zg_bs_g_11060451_d_sccl_84/140-9952127-4989607?psc=1
[2025-03-18T09:16:56.297+0000] {scrape.py:198} INFO - Scraped details for product B001ET7IQK
[2025-03-18T09:17:03.480+0000] {scrape.py:110} INFO - Loaded page with requests: https://www.amazon.com/Sun-Bum-Moisturizing-Protection-Hypoallergenic/dp/B004XGLE7K/ref=zg_bs_g_11060451_d_sccl_85/140-9952127-4989607?psc=1
[2025-03-18T09:17:03.481+0000] {scrape.py:193} INFO - Breadcrumbs not found with requests, switching to Selenium for https://www.amazon.com/Sun-Bum-Moisturizing-Protection-Hypoallergenic/dp/B004XGLE7K/ref=zg_bs_g_11060451_d_sccl_85/140-9952127-4989607?psc=1
[2025-03-18T09:17:12.440+0000] {scrape.py:100} INFO - Loaded page with Selenium: https://www.amazon.com/Sun-Bum-Moisturizing-Protection-Hypoallergenic/dp/B004XGLE7K/ref=zg_bs_g_11060451_d_sccl_85/140-9952127-4989607?psc=1
[2025-03-18T09:17:12.458+0000] {scrape.py:198} INFO - Scraped details for product B004XGLE7K
[2025-03-18T09:17:18.127+0000] {scrape.py:110} INFO - Loaded page with requests: https://www.amazon.com/Neutrogena-Hydro-Hyaluronic-Hydrating-Moisturizer/dp/B00NR1YQHM/ref=zg_bs_g_11060451_d_sccl_86/140-9952127-4989607?psc=1
[2025-03-18T09:17:18.128+0000] {scrape.py:193} INFO - Breadcrumbs not found with requests, switching to Selenium for https://www.amazon.com/Neutrogena-Hydro-Hyaluronic-Hydrating-Moisturizer/dp/B00NR1YQHM/ref=zg_bs_g_11060451_d_sccl_86/140-9952127-4989607?psc=1
[2025-03-18T09:17:27.293+0000] {scrape.py:100} INFO - Loaded page with Selenium: https://www.amazon.com/Neutrogena-Hydro-Hyaluronic-Hydrating-Moisturizer/dp/B00NR1YQHM/ref=zg_bs_g_11060451_d_sccl_86/140-9952127-4989607?psc=1
[2025-03-18T09:17:27.308+0000] {scrape.py:198} INFO - Scraped details for product B00NR1YQHM
[2025-03-18T09:17:36.641+0000] {scrape.py:110} INFO - Loaded page with requests: https://www.amazon.com/Method-Body-Wash-Surf-28oz/dp/B0BT1WN3ZD/ref=zg_bs_g_11060451_d_sccl_87/140-9952127-4989607?psc=1
[2025-03-18T09:17:36.642+0000] {scrape.py:193} INFO - Breadcrumbs not found with requests, switching to Selenium for https://www.amazon.com/Method-Body-Wash-Surf-28oz/dp/B0BT1WN3ZD/ref=zg_bs_g_11060451_d_sccl_87/140-9952127-4989607?psc=1
[2025-03-18T09:17:45.549+0000] {scrape.py:100} INFO - Loaded page with Selenium: https://www.amazon.com/Method-Body-Wash-Surf-28oz/dp/B0BT1WN3ZD/ref=zg_bs_g_11060451_d_sccl_87/140-9952127-4989607?psc=1
[2025-03-18T09:17:45.565+0000] {scrape.py:198} INFO - Scraped details for product B0BT1WN3ZD
[2025-03-18T09:17:55.396+0000] {scrape.py:110} INFO - Loaded page with requests: https://www.amazon.com/Lume-Acidified-Body-Wash-Moisturizing/dp/B0BVYD2L5K/ref=zg_bs_g_11060451_d_sccl_88/140-9952127-4989607?psc=1
[2025-03-18T09:17:55.397+0000] {scrape.py:193} INFO - Breadcrumbs not found with requests, switching to Selenium for https://www.amazon.com/Lume-Acidified-Body-Wash-Moisturizing/dp/B0BVYD2L5K/ref=zg_bs_g_11060451_d_sccl_88/140-9952127-4989607?psc=1
[2025-03-18T09:18:04.480+0000] {scrape.py:100} INFO - Loaded page with Selenium: https://www.amazon.com/Lume-Acidified-Body-Wash-Moisturizing/dp/B0BVYD2L5K/ref=zg_bs_g_11060451_d_sccl_88/140-9952127-4989607?psc=1
[2025-03-18T09:18:04.493+0000] {scrape.py:198} INFO - Scraped details for product B0BVYD2L5K
[2025-03-18T09:18:11.792+0000] {scrape.py:110} INFO - Loaded page with requests: https://www.amazon.com/eos-Strawberry-Pomegranate-Raspberry-Products/dp/B0BNP3ZN4X/ref=zg_bs_g_11060451_d_sccl_89/140-9952127-4989607?psc=1
[2025-03-18T09:18:11.793+0000] {scrape.py:193} INFO - Breadcrumbs not found with requests, switching to Selenium for https://www.amazon.com/eos-Strawberry-Pomegranate-Raspberry-Products/dp/B0BNP3ZN4X/ref=zg_bs_g_11060451_d_sccl_89/140-9952127-4989607?psc=1
[2025-03-18T09:18:21.878+0000] {scrape.py:100} INFO - Loaded page with Selenium: https://www.amazon.com/eos-Strawberry-Pomegranate-Raspberry-Products/dp/B0BNP3ZN4X/ref=zg_bs_g_11060451_d_sccl_89/140-9952127-4989607?psc=1
[2025-03-18T09:18:21.893+0000] {scrape.py:198} INFO - Scraped details for product B0BNP3ZN4X
[2025-03-18T09:18:31.424+0000] {scrape.py:110} INFO - Loaded page with requests: https://www.amazon.com/SOL-JANEIRO-Bum-Jet-Set/dp/B0B4HKNDLQ/ref=zg_bs_g_11060451_d_sccl_90/140-9952127-4989607?psc=1
[2025-03-18T09:18:31.425+0000] {scrape.py:193} INFO - Breadcrumbs not found with requests, switching to Selenium for https://www.amazon.com/SOL-JANEIRO-Bum-Jet-Set/dp/B0B4HKNDLQ/ref=zg_bs_g_11060451_d_sccl_90/140-9952127-4989607?psc=1
[2025-03-18T09:18:40.243+0000] {scrape.py:100} INFO - Loaded page with Selenium: https://www.amazon.com/SOL-JANEIRO-Bum-Jet-Set/dp/B0B4HKNDLQ/ref=zg_bs_g_11060451_d_sccl_90/140-9952127-4989607?psc=1
[2025-03-18T09:18:40.253+0000] {scrape.py:198} INFO - Scraped details for product B0B4HKNDLQ
[2025-03-18T09:18:50.377+0000] {scrape.py:110} INFO - Loaded page with requests: https://www.amazon.com/Dial-Antibacterial-liquid-spring-water/dp/B084MVWG1F/ref=zg_bs_g_11060451_d_sccl_91/140-9952127-4989607?psc=1
[2025-03-18T09:18:50.389+0000] {scrape.py:198} INFO - Scraped details for product B084MVWG1F
[2025-03-18T09:19:00.506+0000] {scrape.py:110} INFO - Loaded page with requests: https://www.amazon.com/Bio-Oil-200ml-Multiuse-Skincare-6-7oz/dp/B00AREGVUM/ref=zg_bs_g_11060451_d_sccl_92/140-9952127-4989607?psc=1
[2025-03-18T09:19:00.507+0000] {scrape.py:193} INFO - Breadcrumbs not found with requests, switching to Selenium for https://www.amazon.com/Bio-Oil-200ml-Multiuse-Skincare-6-7oz/dp/B00AREGVUM/ref=zg_bs_g_11060451_d_sccl_92/140-9952127-4989607?psc=1
[2025-03-18T09:19:09.308+0000] {scrape.py:100} INFO - Loaded page with Selenium: https://www.amazon.com/Bio-Oil-200ml-Multiuse-Skincare-6-7oz/dp/B00AREGVUM/ref=zg_bs_g_11060451_d_sccl_92/140-9952127-4989607?psc=1
[2025-03-18T09:19:09.321+0000] {scrape.py:198} INFO - Scraped details for product B00AREGVUM
[2025-03-18T09:19:19.181+0000] {scrape.py:110} INFO - Loaded page with requests: https://www.amazon.com/LOreal-Paris-Revitalift-Moisturizer-Hyaluronic/dp/B008EKY8VK/ref=zg_bs_g_11060451_d_sccl_93/140-9952127-4989607?psc=1
[2025-03-18T09:19:19.182+0000] {scrape.py:193} INFO - Breadcrumbs not found with requests, switching to Selenium for https://www.amazon.com/LOreal-Paris-Revitalift-Moisturizer-Hyaluronic/dp/B008EKY8VK/ref=zg_bs_g_11060451_d_sccl_93/140-9952127-4989607?psc=1
[2025-03-18T09:19:28.642+0000] {scrape.py:100} INFO - Loaded page with Selenium: https://www.amazon.com/LOreal-Paris-Revitalift-Moisturizer-Hyaluronic/dp/B008EKY8VK/ref=zg_bs_g_11060451_d_sccl_93/140-9952127-4989607?psc=1
[2025-03-18T09:19:28.656+0000] {scrape.py:198} INFO - Scraped details for product B008EKY8VK
[2025-03-18T09:19:36.504+0000] {scrape.py:110} INFO - Loaded page with requests: https://www.amazon.com/CeraVe-Salicylic-Ounce-Fragrance-Exfoliate/dp/B077TWXCQV/ref=zg_bs_g_11060451_d_sccl_94/140-9952127-4989607?psc=1
[2025-03-18T09:19:36.505+0000] {scrape.py:193} INFO - Breadcrumbs not found with requests, switching to Selenium for https://www.amazon.com/CeraVe-Salicylic-Ounce-Fragrance-Exfoliate/dp/B077TWXCQV/ref=zg_bs_g_11060451_d_sccl_94/140-9952127-4989607?psc=1
[2025-03-18T09:19:45.863+0000] {scrape.py:100} INFO - Loaded page with Selenium: https://www.amazon.com/CeraVe-Salicylic-Ounce-Fragrance-Exfoliate/dp/B077TWXCQV/ref=zg_bs_g_11060451_d_sccl_94/140-9952127-4989607?psc=1
[2025-03-18T09:19:45.881+0000] {scrape.py:198} INFO - Scraped details for product B077TWXCQV
[2025-03-18T09:19:52.027+0000] {scrape.py:110} INFO - Loaded page with requests: https://www.amazon.com/EltaMD-Clear-Tinted-Sunscreen-Face/dp/B00ZPWR0N8/ref=zg_bs_g_11060451_d_sccl_95/140-9952127-4989607?psc=1
[2025-03-18T09:19:52.028+0000] {scrape.py:193} INFO - Breadcrumbs not found with requests, switching to Selenium for https://www.amazon.com/EltaMD-Clear-Tinted-Sunscreen-Face/dp/B00ZPWR0N8/ref=zg_bs_g_11060451_d_sccl_95/140-9952127-4989607?psc=1
[2025-03-18T09:20:00.800+0000] {scrape.py:100} INFO - Loaded page with Selenium: https://www.amazon.com/EltaMD-Clear-Tinted-Sunscreen-Face/dp/B00ZPWR0N8/ref=zg_bs_g_11060451_d_sccl_95/140-9952127-4989607?psc=1
[2025-03-18T09:20:00.819+0000] {scrape.py:198} INFO - Scraped details for product B00ZPWR0N8
[2025-03-18T09:20:06.434+0000] {scrape.py:110} INFO - Loaded page with requests: https://www.amazon.com/Paris-Infallible-3-Second-Setting-Microfine/dp/B0CZF2T7CK/ref=zg_bs_g_11060451_d_sccl_96/140-9952127-4989607?psc=1
[2025-03-18T09:20:06.435+0000] {scrape.py:193} INFO - Breadcrumbs not found with requests, switching to Selenium for https://www.amazon.com/Paris-Infallible-3-Second-Setting-Microfine/dp/B0CZF2T7CK/ref=zg_bs_g_11060451_d_sccl_96/140-9952127-4989607?psc=1
[2025-03-18T09:20:17.133+0000] {scrape.py:100} INFO - Loaded page with Selenium: https://www.amazon.com/Paris-Infallible-3-Second-Setting-Microfine/dp/B0CZF2T7CK/ref=zg_bs_g_11060451_d_sccl_96/140-9952127-4989607?psc=1
[2025-03-18T09:20:17.144+0000] {scrape.py:198} INFO - Scraped details for product B0CZF2T7CK
[2025-03-18T09:20:27.233+0000] {scrape.py:110} INFO - Loaded page with requests: https://www.amazon.com/Neutrogena-HydroBoost-Hyaluronic-Pre-Moistened-Towelettes/dp/B07XC569XF/ref=zg_bs_g_11060451_d_sccl_97/140-9952127-4989607?psc=1
[2025-03-18T09:20:27.234+0000] {scrape.py:193} INFO - Breadcrumbs not found with requests, switching to Selenium for https://www.amazon.com/Neutrogena-HydroBoost-Hyaluronic-Pre-Moistened-Towelettes/dp/B07XC569XF/ref=zg_bs_g_11060451_d_sccl_97/140-9952127-4989607?psc=1
[2025-03-18T09:20:36.444+0000] {scrape.py:100} INFO - Loaded page with Selenium: https://www.amazon.com/Neutrogena-HydroBoost-Hyaluronic-Pre-Moistened-Towelettes/dp/B07XC569XF/ref=zg_bs_g_11060451_d_sccl_97/140-9952127-4989607?psc=1
[2025-03-18T09:20:36.460+0000] {scrape.py:198} INFO - Scraped details for product B07XC569XF
[2025-03-18T09:20:45.301+0000] {scrape.py:110} INFO - Loaded page with requests: https://www.amazon.com/CeraVe-Treatment-Hyaluronic-Niacinamide-Sensitive/dp/B07YLJPMC3/ref=zg_bs_g_11060451_d_sccl_98/140-9952127-4989607?psc=1
[2025-03-18T09:20:45.302+0000] {scrape.py:193} INFO - Breadcrumbs not found with requests, switching to Selenium for https://www.amazon.com/CeraVe-Treatment-Hyaluronic-Niacinamide-Sensitive/dp/B07YLJPMC3/ref=zg_bs_g_11060451_d_sccl_98/140-9952127-4989607?psc=1
[2025-03-18T09:20:54.054+0000] {scrape.py:100} INFO - Loaded page with Selenium: https://www.amazon.com/CeraVe-Treatment-Hyaluronic-Niacinamide-Sensitive/dp/B07YLJPMC3/ref=zg_bs_g_11060451_d_sccl_98/140-9952127-4989607?psc=1
[2025-03-18T09:20:54.066+0000] {scrape.py:198} INFO - Scraped details for product B07YLJPMC3
[2025-03-18T09:21:06.527+0000] {scrape.py:110} INFO - Loaded page with requests: https://www.amazon.com/Beauty-Joseon-Sunscreen-moisturizing-sunscreen/dp/B0DB1NPDNX/ref=zg_bs_g_11060451_d_sccl_99/140-9952127-4989607?psc=1
[2025-03-18T09:21:06.538+0000] {scrape.py:198} INFO - Scraped details for product B0DB1NPDNX
[2025-03-18T09:21:12.932+0000] {scrape.py:110} INFO - Loaded page with requests: https://www.amazon.com/Amazon-Basics-Gentle-Liquid-Triclosan-free/dp/B09HHDHXWX/ref=zg_bs_g_11060451_d_sccl_100/140-9952127-4989607?psc=1
[2025-03-18T09:21:12.932+0000] {scrape.py:193} INFO - Breadcrumbs not found with requests, switching to Selenium for https://www.amazon.com/Amazon-Basics-Gentle-Liquid-Triclosan-free/dp/B09HHDHXWX/ref=zg_bs_g_11060451_d_sccl_100/140-9952127-4989607?psc=1
[2025-03-18T09:21:21.512+0000] {scrape.py:100} INFO - Loaded page with Selenium: https://www.amazon.com/Amazon-Basics-Gentle-Liquid-Triclosan-free/dp/B09HHDHXWX/ref=zg_bs_g_11060451_d_sccl_100/140-9952127-4989607?psc=1
[2025-03-18T09:21:21.526+0000] {scrape.py:198} INFO - Scraped details for product B09HHDHXWX
[2025-03-18T09:21:29.157+0000] {scrape.py:175} INFO - Saved 100 products to /opt/***/data/raw_20250318_090003.csv
[2025-03-18T09:21:29.565+0000] {scrape.py:77} INFO - WebDriver closed successfully.
[2025-03-18T09:21:29.589+0000] {python.py:237} INFO - Done. Returned value was: None
[2025-03-18T09:21:29.590+0000] {taskinstance.py:441} INFO - ::group::Post task execution logs
[2025-03-18T09:21:29.604+0000] {taskinstance.py:1206} INFO - Marking task as SUCCESS. dag_id=amazon_etl_dag, task_id=scrape_amazon_data, run_id=scheduled__2025-03-18T08:00:00+00:00, execution_date=20250318T080000, start_date=20250318T090003, end_date=20250318T092129
[2025-03-18T09:21:29.693+0000] {local_task_job_runner.py:240} INFO - Task exited with return code 0
[2025-03-18T09:21:29.848+0000] {taskinstance.py:3503} INFO - 1 downstream tasks scheduled from follow-on schedule check
[2025-03-18T09:21:29.851+0000] {local_task_job_runner.py:222} INFO - ::endgroup::
